
AVRASM ver. 2.1.30  C:\Users\fateme\Desktop\prjriz\Debug\List\prj.asm Wed Jan 30 07:01:29 2019

C:\Users\fateme\Desktop\prjriz\Debug\List\prj.asm(1095): warning: Register r5 already defined by the .DEF directive
C:\Users\fateme\Desktop\prjriz\Debug\List\prj.asm(1096): warning: Register r4 already defined by the .DEF directive
C:\Users\fateme\Desktop\prjriz\Debug\List\prj.asm(1097): warning: Register r7 already defined by the .DEF directive
                 
                 
                 ;CodeVisionAVR C Compiler V3.34 Evaluation
                 ;(C) Copyright 1998-2018 Pavel Haiduc, HP InfoTech s.r.l.
                 ;http://www.hpinfotech.com
                 
                 ;Build configuration    : Debug
                 ;Chip type              : ATmega32
                 ;Program type           : Application
                 ;Clock frequency        : 8.000000 MHz
                 ;Memory model           : Small
                 ;Optimize for           : Size
                 ;(s)printf features     : int, width
                 ;(s)scanf features      : int, width
                 ;External RAM size      : 0
                 ;Data Stack size        : 512 byte(s)
                 ;Heap size              : 0 byte(s)
                 ;Promote 'char' to 'int': Yes
                 ;'char' is unsigned     : Yes
                 ;8 bit enums            : Yes
                 ;Global 'const' stored in FLASH: Yes
                 ;Enhanced function parameter passing: Mode 2
                 ;Enhanced core instructions: On
                 ;Automatic register allocation for global variables: On
                 ;Smart register allocation: On
                 
                 	#define _MODEL_SMALL_
                 
                 	#pragma AVRPART ADMIN PART_NAME ATmega32
                 	#pragma AVRPART MEMORY PROG_FLASH 32768
                 	#pragma AVRPART MEMORY EEPROM 1024
                 	#pragma AVRPART MEMORY INT_SRAM SIZE 2048
                 	#pragma AVRPART MEMORY INT_SRAM START_ADDR 0x60
                 
                 	#define CALL_SUPPORTED 1
                 
                 	.LISTMAC
                 	.EQU UDRE=0x5
                 	.EQU RXC=0x7
                 	.EQU USR=0xB
                 	.EQU UDR=0xC
                 	.EQU SPSR=0xE
                 	.EQU SPDR=0xF
                 	.EQU EERE=0x0
                 	.EQU EEWE=0x1
                 	.EQU EEMWE=0x2
                 	.EQU EECR=0x1C
                 	.EQU EEDR=0x1D
                 	.EQU EEARL=0x1E
                 	.EQU EEARH=0x1F
                 	.EQU WDTCR=0x21
                 	.EQU MCUCR=0x35
                 	.EQU GICR=0x3B
                 	.EQU SPL=0x3D
                 	.EQU SPH=0x3E
                 	.EQU SREG=0x3F
                 
                 	.DEF R0X0=R0
                 	.DEF R0X1=R1
                 	.DEF R0X2=R2
                 	.DEF R0X3=R3
                 	.DEF R0X4=R4
                 	.DEF R0X5=R5
                 	.DEF R0X6=R6
                 	.DEF R0X7=R7
                 	.DEF R0X8=R8
                 	.DEF R0X9=R9
                 	.DEF R0XA=R10
                 	.DEF R0XB=R11
                 	.DEF R0XC=R12
                 	.DEF R0XD=R13
                 	.DEF R0XE=R14
                 	.DEF R0XF=R15
                 	.DEF R0X10=R16
                 	.DEF R0X11=R17
                 	.DEF R0X12=R18
                 	.DEF R0X13=R19
                 	.DEF R0X14=R20
                 	.DEF R0X15=R21
                 	.DEF R0X16=R22
                 	.DEF R0X17=R23
                 	.DEF R0X18=R24
                 	.DEF R0X19=R25
                 	.DEF R0X1A=R26
                 	.DEF R0X1B=R27
                 	.DEF R0X1C=R28
                 	.DEF R0X1D=R29
                 	.DEF R0X1E=R30
                 	.DEF R0X1F=R31
                 
                 	.EQU __SRAM_START=0x0060
                 	.EQU __SRAM_END=0x085F
                 	.EQU __DSTACK_SIZE=0x0200
                 	.EQU __HEAP_SIZE=0x0000
                 	.EQU __CLEAR_SRAM_SIZE=__SRAM_END-__SRAM_START+1
                 
                 	.MACRO __CPD1N
                 	CPI  R30,LOW(@0)
                 	LDI  R26,HIGH(@0)
                 	CPC  R31,R26
                 	LDI  R26,BYTE3(@0)
                 	CPC  R22,R26
                 	LDI  R26,BYTE4(@0)
                 	CPC  R23,R26
                 	.ENDM
                 
                 	.MACRO __CPD2N
                 	CPI  R26,LOW(@0)
                 	LDI  R30,HIGH(@0)
                 	CPC  R27,R30
                 	LDI  R30,BYTE3(@0)
                 	CPC  R24,R30
                 	LDI  R30,BYTE4(@0)
                 	CPC  R25,R30
                 	.ENDM
                 
                 	.MACRO __CPWRR
                 	CP   R@0,R@2
                 	CPC  R@1,R@3
                 	.ENDM
                 
                 	.MACRO __CPWRN
                 	CPI  R@0,LOW(@2)
                 	LDI  R30,HIGH(@2)
                 	CPC  R@1,R30
                 	.ENDM
                 
                 	.MACRO __ADDB1MN
                 	SUBI R30,LOW(-@0-(@1))
                 	.ENDM
                 
                 	.MACRO __ADDB2MN
                 	SUBI R26,LOW(-@0-(@1))
                 	.ENDM
                 
                 	.MACRO __ADDW1MN
                 	SUBI R30,LOW(-@0-(@1))
                 	SBCI R31,HIGH(-@0-(@1))
                 	.ENDM
                 
                 	.MACRO __ADDW2MN
                 	SUBI R26,LOW(-@0-(@1))
                 	SBCI R27,HIGH(-@0-(@1))
                 	.ENDM
                 
                 	.MACRO __ADDW1FN
                 	SUBI R30,LOW(-2*@0-(@1))
                 	SBCI R31,HIGH(-2*@0-(@1))
                 	.ENDM
                 
                 	.MACRO __ADDD1FN
                 	SUBI R30,LOW(-2*@0-(@1))
                 	SBCI R31,HIGH(-2*@0-(@1))
                 	SBCI R22,BYTE3(-2*@0-(@1))
                 	.ENDM
                 
                 	.MACRO __ADDD1N
                 	SUBI R30,LOW(-@0)
                 	SBCI R31,HIGH(-@0)
                 	SBCI R22,BYTE3(-@0)
                 	SBCI R23,BYTE4(-@0)
                 	.ENDM
                 
                 	.MACRO __ADDD2N
                 	SUBI R26,LOW(-@0)
                 	SBCI R27,HIGH(-@0)
                 	SBCI R24,BYTE3(-@0)
                 	SBCI R25,BYTE4(-@0)
                 	.ENDM
                 
                 	.MACRO __SUBD1N
                 	SUBI R30,LOW(@0)
                 	SBCI R31,HIGH(@0)
                 	SBCI R22,BYTE3(@0)
                 	SBCI R23,BYTE4(@0)
                 	.ENDM
                 
                 	.MACRO __SUBD2N
                 	SUBI R26,LOW(@0)
                 	SBCI R27,HIGH(@0)
                 	SBCI R24,BYTE3(@0)
                 	SBCI R25,BYTE4(@0)
                 	.ENDM
                 
                 	.MACRO __ANDBMNN
                 	LDS  R30,@0+(@1)
                 	ANDI R30,LOW(@2)
                 	STS  @0+(@1),R30
                 	.ENDM
                 
                 	.MACRO __ANDWMNN
                 	LDS  R30,@0+(@1)
                 	ANDI R30,LOW(@2)
                 	STS  @0+(@1),R30
                 	LDS  R30,@0+(@1)+1
                 	ANDI R30,HIGH(@2)
                 	STS  @0+(@1)+1,R30
                 	.ENDM
                 
                 	.MACRO __ANDD1N
                 	ANDI R30,LOW(@0)
                 	ANDI R31,HIGH(@0)
                 	ANDI R22,BYTE3(@0)
                 	ANDI R23,BYTE4(@0)
                 	.ENDM
                 
                 	.MACRO __ANDD2N
                 	ANDI R26,LOW(@0)
                 	ANDI R27,HIGH(@0)
                 	ANDI R24,BYTE3(@0)
                 	ANDI R25,BYTE4(@0)
                 	.ENDM
                 
                 	.MACRO __ORBMNN
                 	LDS  R30,@0+(@1)
                 	ORI  R30,LOW(@2)
                 	STS  @0+(@1),R30
                 	.ENDM
                 
                 	.MACRO __ORWMNN
                 	LDS  R30,@0+(@1)
                 	ORI  R30,LOW(@2)
                 	STS  @0+(@1),R30
                 	LDS  R30,@0+(@1)+1
                 	ORI  R30,HIGH(@2)
                 	STS  @0+(@1)+1,R30
                 	.ENDM
                 
                 	.MACRO __ORD1N
                 	ORI  R30,LOW(@0)
                 	ORI  R31,HIGH(@0)
                 	ORI  R22,BYTE3(@0)
                 	ORI  R23,BYTE4(@0)
                 	.ENDM
                 
                 	.MACRO __ORD2N
                 	ORI  R26,LOW(@0)
                 	ORI  R27,HIGH(@0)
                 	ORI  R24,BYTE3(@0)
                 	ORI  R25,BYTE4(@0)
                 	.ENDM
                 
                 	.MACRO __DELAY_USB
                 	LDI  R24,LOW(@0)
                 __DELAY_USB_LOOP:
                 	DEC  R24
                 	BRNE __DELAY_USB_LOOP
                 	.ENDM
                 
                 	.MACRO __DELAY_USW
                 	LDI  R24,LOW(@0)
                 	LDI  R25,HIGH(@0)
                 __DELAY_USW_LOOP:
                 	SBIW R24,1
                 	BRNE __DELAY_USW_LOOP
                 	.ENDM
                 
                 	.MACRO __GETD1S
                 	LDD  R30,Y+@0
                 	LDD  R31,Y+@0+1
                 	LDD  R22,Y+@0+2
                 	LDD  R23,Y+@0+3
                 	.ENDM
                 
                 	.MACRO __GETD2S
                 	LDD  R26,Y+@0
                 	LDD  R27,Y+@0+1
                 	LDD  R24,Y+@0+2
                 	LDD  R25,Y+@0+3
                 	.ENDM
                 
                 	.MACRO __PUTD1S
                 	STD  Y+@0,R30
                 	STD  Y+@0+1,R31
                 	STD  Y+@0+2,R22
                 	STD  Y+@0+3,R23
                 	.ENDM
                 
                 	.MACRO __PUTD2S
                 	STD  Y+@0,R26
                 	STD  Y+@0+1,R27
                 	STD  Y+@0+2,R24
                 	STD  Y+@0+3,R25
                 	.ENDM
                 
                 	.MACRO __PUTDZ2
                 	STD  Z+@0,R26
                 	STD  Z+@0+1,R27
                 	STD  Z+@0+2,R24
                 	STD  Z+@0+3,R25
                 	.ENDM
                 
                 	.MACRO __CLRD1S
                 	STD  Y+@0,R30
                 	STD  Y+@0+1,R30
                 	STD  Y+@0+2,R30
                 	STD  Y+@0+3,R30
                 	.ENDM
                 
                 	.MACRO __POINTB1MN
                 	LDI  R30,LOW(@0+(@1))
                 	.ENDM
                 
                 	.MACRO __POINTW1MN
                 	LDI  R30,LOW(@0+(@1))
                 	LDI  R31,HIGH(@0+(@1))
                 	.ENDM
                 
                 	.MACRO __POINTD1M
                 	LDI  R30,LOW(@0)
                 	LDI  R31,HIGH(@0)
                 	LDI  R22,BYTE3(@0)
                 	LDI  R23,BYTE4(@0)
                 	.ENDM
                 
                 	.MACRO __POINTW1FN
                 	LDI  R30,LOW(2*@0+(@1))
                 	LDI  R31,HIGH(2*@0+(@1))
                 	.ENDM
                 
                 	.MACRO __POINTD1FN
                 	LDI  R30,LOW(2*@0+(@1))
                 	LDI  R31,HIGH(2*@0+(@1))
                 	LDI  R22,BYTE3(2*@0+(@1))
                 	LDI  R23,BYTE4(2*@0+(@1))
                 	.ENDM
                 
                 	.MACRO __POINTB2MN
                 	LDI  R26,LOW(@0+(@1))
                 	.ENDM
                 
                 	.MACRO __POINTW2MN
                 	LDI  R26,LOW(@0+(@1))
                 	LDI  R27,HIGH(@0+(@1))
                 	.ENDM
                 
                 	.MACRO __POINTD2M
                 	LDI  R26,LOW(@0)
                 	LDI  R27,HIGH(@0)
                 	LDI  R24,BYTE3(@0)
                 	LDI  R25,BYTE4(@0)
                 	.ENDM
                 
                 	.MACRO __POINTW2FN
                 	LDI  R26,LOW(2*@0+(@1))
                 	LDI  R27,HIGH(2*@0+(@1))
                 	.ENDM
                 
                 	.MACRO __POINTD2FN
                 	LDI  R26,LOW(2*@0+(@1))
                 	LDI  R27,HIGH(2*@0+(@1))
                 	LDI  R24,BYTE3(2*@0+(@1))
                 	LDI  R25,BYTE4(2*@0+(@1))
                 	.ENDM
                 
                 	.MACRO __POINTBRM
                 	LDI  R@0,LOW(@1)
                 	.ENDM
                 
                 	.MACRO __POINTWRM
                 	LDI  R@0,LOW(@2)
                 	LDI  R@1,HIGH(@2)
                 	.ENDM
                 
                 	.MACRO __POINTBRMN
                 	LDI  R@0,LOW(@1+(@2))
                 	.ENDM
                 
                 	.MACRO __POINTWRMN
                 	LDI  R@0,LOW(@2+(@3))
                 	LDI  R@1,HIGH(@2+(@3))
                 	.ENDM
                 
                 	.MACRO __POINTWRFN
                 	LDI  R@0,LOW(@2*2+(@3))
                 	LDI  R@1,HIGH(@2*2+(@3))
                 	.ENDM
                 
                 	.MACRO __GETD1N
                 	LDI  R30,LOW(@0)
                 	LDI  R31,HIGH(@0)
                 	LDI  R22,BYTE3(@0)
                 	LDI  R23,BYTE4(@0)
                 	.ENDM
                 
                 	.MACRO __GETD2N
                 	LDI  R26,LOW(@0)
                 	LDI  R27,HIGH(@0)
                 	LDI  R24,BYTE3(@0)
                 	LDI  R25,BYTE4(@0)
                 	.ENDM
                 
                 	.MACRO __GETB1MN
                 	LDS  R30,@0+(@1)
                 	.ENDM
                 
                 	.MACRO __GETB1HMN
                 	LDS  R31,@0+(@1)
                 	.ENDM
                 
                 	.MACRO __GETW1MN
                 	LDS  R30,@0+(@1)
                 	LDS  R31,@0+(@1)+1
                 	.ENDM
                 
                 	.MACRO __GETD1MN
                 	LDS  R30,@0+(@1)
                 	LDS  R31,@0+(@1)+1
                 	LDS  R22,@0+(@1)+2
                 	LDS  R23,@0+(@1)+3
                 	.ENDM
                 
                 	.MACRO __GETBRMN
                 	LDS  R@0,@1+(@2)
                 	.ENDM
                 
                 	.MACRO __GETWRMN
                 	LDS  R@0,@2+(@3)
                 	LDS  R@1,@2+(@3)+1
                 	.ENDM
                 
                 	.MACRO __GETWRZ
                 	LDD  R@0,Z+@2
                 	LDD  R@1,Z+@2+1
                 	.ENDM
                 
                 	.MACRO __GETD2Z
                 	LDD  R26,Z+@0
                 	LDD  R27,Z+@0+1
                 	LDD  R24,Z+@0+2
                 	LDD  R25,Z+@0+3
                 	.ENDM
                 
                 	.MACRO __GETB2MN
                 	LDS  R26,@0+(@1)
                 	.ENDM
                 
                 	.MACRO __GETW2MN
                 	LDS  R26,@0+(@1)
                 	LDS  R27,@0+(@1)+1
                 	.ENDM
                 
                 	.MACRO __GETD2MN
                 	LDS  R26,@0+(@1)
                 	LDS  R27,@0+(@1)+1
                 	LDS  R24,@0+(@1)+2
                 	LDS  R25,@0+(@1)+3
                 	.ENDM
                 
                 	.MACRO __PUTB1MN
                 	STS  @0+(@1),R30
                 	.ENDM
                 
                 	.MACRO __PUTW1MN
                 	STS  @0+(@1),R30
                 	STS  @0+(@1)+1,R31
                 	.ENDM
                 
                 	.MACRO __PUTD1MN
                 	STS  @0+(@1),R30
                 	STS  @0+(@1)+1,R31
                 	STS  @0+(@1)+2,R22
                 	STS  @0+(@1)+3,R23
                 	.ENDM
                 
                 	.MACRO __PUTB1EN
                 	LDI  R26,LOW(@0+(@1))
                 	LDI  R27,HIGH(@0+(@1))
                 	CALL __EEPROMWRB
                 	.ENDM
                 
                 	.MACRO __PUTW1EN
                 	LDI  R26,LOW(@0+(@1))
                 	LDI  R27,HIGH(@0+(@1))
                 	CALL __EEPROMWRW
                 	.ENDM
                 
                 	.MACRO __PUTD1EN
                 	LDI  R26,LOW(@0+(@1))
                 	LDI  R27,HIGH(@0+(@1))
                 	CALL __EEPROMWRD
                 	.ENDM
                 
                 	.MACRO __PUTBR0MN
                 	STS  @0+(@1),R0
                 	.ENDM
                 
                 	.MACRO __PUTBMRN
                 	STS  @0+(@1),R@2
                 	.ENDM
                 
                 	.MACRO __PUTWMRN
                 	STS  @0+(@1),R@2
                 	STS  @0+(@1)+1,R@3
                 	.ENDM
                 
                 	.MACRO __PUTBZR
                 	STD  Z+@1,R@0
                 	.ENDM
                 
                 	.MACRO __PUTWZR
                 	STD  Z+@2,R@0
                 	STD  Z+@2+1,R@1
                 	.ENDM
                 
                 	.MACRO __GETW1R
                 	MOV  R30,R@0
                 	MOV  R31,R@1
                 	.ENDM
                 
                 	.MACRO __GETW2R
                 	MOV  R26,R@0
                 	MOV  R27,R@1
                 	.ENDM
                 
                 	.MACRO __GETWRN
                 	LDI  R@0,LOW(@2)
                 	LDI  R@1,HIGH(@2)
                 	.ENDM
                 
                 	.MACRO __PUTW1R
                 	MOV  R@0,R30
                 	MOV  R@1,R31
                 	.ENDM
                 
                 	.MACRO __PUTW2R
                 	MOV  R@0,R26
                 	MOV  R@1,R27
                 	.ENDM
                 
                 	.MACRO __ADDWRN
                 	SUBI R@0,LOW(-@2)
                 	SBCI R@1,HIGH(-@2)
                 	.ENDM
                 
                 	.MACRO __ADDWRR
                 	ADD  R@0,R@2
                 	ADC  R@1,R@3
                 	.ENDM
                 
                 	.MACRO __SUBWRN
                 	SUBI R@0,LOW(@2)
                 	SBCI R@1,HIGH(@2)
                 	.ENDM
                 
                 	.MACRO __SUBWRR
                 	SUB  R@0,R@2
                 	SBC  R@1,R@3
                 	.ENDM
                 
                 	.MACRO __ANDWRN
                 	ANDI R@0,LOW(@2)
                 	ANDI R@1,HIGH(@2)
                 	.ENDM
                 
                 	.MACRO __ANDWRR
                 	AND  R@0,R@2
                 	AND  R@1,R@3
                 	.ENDM
                 
                 	.MACRO __ORWRN
                 	ORI  R@0,LOW(@2)
                 	ORI  R@1,HIGH(@2)
                 	.ENDM
                 
                 	.MACRO __ORWRR
                 	OR   R@0,R@2
                 	OR   R@1,R@3
                 	.ENDM
                 
                 	.MACRO __EORWRR
                 	EOR  R@0,R@2
                 	EOR  R@1,R@3
                 	.ENDM
                 
                 	.MACRO __GETWRS
                 	LDD  R@0,Y+@2
                 	LDD  R@1,Y+@2+1
                 	.ENDM
                 
                 	.MACRO __PUTBSR
                 	STD  Y+@1,R@0
                 	.ENDM
                 
                 	.MACRO __PUTWSR
                 	STD  Y+@2,R@0
                 	STD  Y+@2+1,R@1
                 	.ENDM
                 
                 	.MACRO __MOVEWRR
                 	MOV  R@0,R@2
                 	MOV  R@1,R@3
                 	.ENDM
                 
                 	.MACRO __INWR
                 	IN   R@0,@2
                 	IN   R@1,@2+1
                 	.ENDM
                 
                 	.MACRO __OUTWR
                 	OUT  @2+1,R@1
                 	OUT  @2,R@0
                 	.ENDM
                 
                 	.MACRO __CALL1MN
                 	LDS  R30,@0+(@1)
                 	LDS  R31,@0+(@1)+1
                 	ICALL
                 	.ENDM
                 
                 	.MACRO __CALL1FN
                 	LDI  R30,LOW(2*@0+(@1))
                 	LDI  R31,HIGH(2*@0+(@1))
                 	CALL __GETW1PF
                 	ICALL
                 	.ENDM
                 
                 	.MACRO __CALL2EN
                 	PUSH R26
                 	PUSH R27
                 	LDI  R26,LOW(@0+(@1))
                 	LDI  R27,HIGH(@0+(@1))
                 	CALL __EEPROMRDW
                 	POP  R27
                 	POP  R26
                 	ICALL
                 	.ENDM
                 
                 	.MACRO __CALL2EX
                 	SUBI R26,LOW(-@0)
                 	SBCI R27,HIGH(-@0)
                 	CALL __EEPROMRDD
                 	ICALL
                 	.ENDM
                 
                 	.MACRO __GETW1STACK
                 	IN   R30,SPL
                 	IN   R31,SPH
                 	ADIW R30,@0+1
                 	LD   R0,Z+
                 	LD   R31,Z
                 	MOV  R30,R0
                 	.ENDM
                 
                 	.MACRO __GETD1STACK
                 	IN   R30,SPL
                 	IN   R31,SPH
                 	ADIW R30,@0+1
                 	LD   R0,Z+
                 	LD   R1,Z+
                 	LD   R22,Z
                 	MOVW R30,R0
                 	.ENDM
                 
                 	.MACRO __NBST
                 	BST  R@0,@1
                 	IN   R30,SREG
                 	LDI  R31,0x40
                 	EOR  R30,R31
                 	OUT  SREG,R30
                 	.ENDM
                 
                 
                 	.MACRO __PUTB1SN
                 	LDD  R26,Y+@0
                 	LDD  R27,Y+@0+1
                 	SUBI R26,LOW(-@1)
                 	SBCI R27,HIGH(-@1)
                 	ST   X,R30
                 	.ENDM
                 
                 	.MACRO __PUTW1SN
                 	LDD  R26,Y+@0
                 	LDD  R27,Y+@0+1
                 	SUBI R26,LOW(-@1)
                 	SBCI R27,HIGH(-@1)
                 	ST   X+,R30
                 	ST   X,R31
                 	.ENDM
                 
                 	.MACRO __PUTD1SN
                 	LDD  R26,Y+@0
                 	LDD  R27,Y+@0+1
                 	SUBI R26,LOW(-@1)
                 	SBCI R27,HIGH(-@1)
                 	CALL __PUTDP1
                 	.ENDM
                 
                 	.MACRO __PUTB1SNS
                 	LDD  R26,Y+@0
                 	LDD  R27,Y+@0+1
                 	ADIW R26,@1
                 	ST   X,R30
                 	.ENDM
                 
                 	.MACRO __PUTW1SNS
                 	LDD  R26,Y+@0
                 	LDD  R27,Y+@0+1
                 	ADIW R26,@1
                 	ST   X+,R30
                 	ST   X,R31
                 	.ENDM
                 
                 	.MACRO __PUTD1SNS
                 	LDD  R26,Y+@0
                 	LDD  R27,Y+@0+1
                 	ADIW R26,@1
                 	CALL __PUTDP1
                 	.ENDM
                 
                 	.MACRO __PUTB1PMN
                 	LDS  R26,@0
                 	LDS  R27,@0+1
                 	SUBI R26,LOW(-@1)
                 	SBCI R27,HIGH(-@1)
                 	ST   X,R30
                 	.ENDM
                 
                 	.MACRO __PUTW1PMN
                 	LDS  R26,@0
                 	LDS  R27,@0+1
                 	SUBI R26,LOW(-@1)
                 	SBCI R27,HIGH(-@1)
                 	ST   X+,R30
                 	ST   X,R31
                 	.ENDM
                 
                 	.MACRO __PUTD1PMN
                 	LDS  R26,@0
                 	LDS  R27,@0+1
                 	SUBI R26,LOW(-@1)
                 	SBCI R27,HIGH(-@1)
                 	CALL __PUTDP1
                 	.ENDM
                 
                 	.MACRO __PUTB1PMNS
                 	LDS  R26,@0
                 	LDS  R27,@0+1
                 	ADIW R26,@1
                 	ST   X,R30
                 	.ENDM
                 
                 	.MACRO __PUTW1PMNS
                 	LDS  R26,@0
                 	LDS  R27,@0+1
                 	ADIW R26,@1
                 	ST   X+,R30
                 	ST   X,R31
                 	.ENDM
                 
                 	.MACRO __PUTD1PMNS
                 	LDS  R26,@0
                 	LDS  R27,@0+1
                 	ADIW R26,@1
                 	CALL __PUTDP1
                 	.ENDM
                 
                 	.MACRO __PUTB1RN
                 	MOVW R26,R@0
                 	SUBI R26,LOW(-@1)
                 	SBCI R27,HIGH(-@1)
                 	ST   X,R30
                 	.ENDM
                 
                 	.MACRO __PUTW1RN
                 	MOVW R26,R@0
                 	SUBI R26,LOW(-@1)
                 	SBCI R27,HIGH(-@1)
                 	ST   X+,R30
                 	ST   X,R31
                 	.ENDM
                 
                 	.MACRO __PUTD1RN
                 	MOVW R26,R@0
                 	SUBI R26,LOW(-@1)
                 	SBCI R27,HIGH(-@1)
                 	CALL __PUTDP1
                 	.ENDM
                 
                 	.MACRO __PUTB1RNS
                 	MOVW R26,R@0
                 	ADIW R26,@1
                 	ST   X,R30
                 	.ENDM
                 
                 	.MACRO __PUTW1RNS
                 	MOVW R26,R@0
                 	ADIW R26,@1
                 	ST   X+,R30
                 	ST   X,R31
                 	.ENDM
                 
                 	.MACRO __PUTD1RNS
                 	MOVW R26,R@0
                 	ADIW R26,@1
                 	CALL __PUTDP1
                 	.ENDM
                 
                 	.MACRO __PUTB1RON
                 	MOV  R26,R@0
                 	MOV  R27,R@1
                 	SUBI R26,LOW(-@2)
                 	SBCI R27,HIGH(-@2)
                 	ST   X,R30
                 	.ENDM
                 
                 	.MACRO __PUTW1RON
                 	MOV  R26,R@0
                 	MOV  R27,R@1
                 	SUBI R26,LOW(-@2)
                 	SBCI R27,HIGH(-@2)
                 	ST   X+,R30
                 	ST   X,R31
                 	.ENDM
                 
                 	.MACRO __PUTD1RON
                 	MOV  R26,R@0
                 	MOV  R27,R@1
                 	SUBI R26,LOW(-@2)
                 	SBCI R27,HIGH(-@2)
                 	CALL __PUTDP1
                 	.ENDM
                 
                 	.MACRO __PUTB1RONS
                 	MOV  R26,R@0
                 	MOV  R27,R@1
                 	ADIW R26,@2
                 	ST   X,R30
                 	.ENDM
                 
                 	.MACRO __PUTW1RONS
                 	MOV  R26,R@0
                 	MOV  R27,R@1
                 	ADIW R26,@2
                 	ST   X+,R30
                 	ST   X,R31
                 	.ENDM
                 
                 	.MACRO __PUTD1RONS
                 	MOV  R26,R@0
                 	MOV  R27,R@1
                 	ADIW R26,@2
                 	CALL __PUTDP1
                 	.ENDM
                 
                 
                 	.MACRO __GETB1SX
                 	MOVW R30,R28
                 	SUBI R30,LOW(-@0)
                 	SBCI R31,HIGH(-@0)
                 	LD   R30,Z
                 	.ENDM
                 
                 	.MACRO __GETB1HSX
                 	MOVW R30,R28
                 	SUBI R30,LOW(-@0)
                 	SBCI R31,HIGH(-@0)
                 	LD   R31,Z
                 	.ENDM
                 
                 	.MACRO __GETW1SX
                 	MOVW R30,R28
                 	SUBI R30,LOW(-@0)
                 	SBCI R31,HIGH(-@0)
                 	LD   R0,Z+
                 	LD   R31,Z
                 	MOV  R30,R0
                 	.ENDM
                 
                 	.MACRO __GETD1SX
                 	MOVW R30,R28
                 	SUBI R30,LOW(-@0)
                 	SBCI R31,HIGH(-@0)
                 	LD   R0,Z+
                 	LD   R1,Z+
                 	LD   R22,Z+
                 	LD   R23,Z
                 	MOVW R30,R0
                 	.ENDM
                 
                 	.MACRO __GETB2SX
                 	MOVW R26,R28
                 	SUBI R26,LOW(-@0)
                 	SBCI R27,HIGH(-@0)
                 	LD   R26,X
                 	.ENDM
                 
                 	.MACRO __GETW2SX
                 	MOVW R26,R28
                 	SUBI R26,LOW(-@0)
                 	SBCI R27,HIGH(-@0)
                 	LD   R0,X+
                 	LD   R27,X
                 	MOV  R26,R0
                 	.ENDM
                 
                 	.MACRO __GETD2SX
                 	MOVW R26,R28
                 	SUBI R26,LOW(-@0)
                 	SBCI R27,HIGH(-@0)
                 	LD   R0,X+
                 	LD   R1,X+
                 	LD   R24,X+
                 	LD   R25,X
                 	MOVW R26,R0
                 	.ENDM
                 
                 	.MACRO __GETBRSX
                 	MOVW R30,R28
                 	SUBI R30,LOW(-@1)
                 	SBCI R31,HIGH(-@1)
                 	LD   R@0,Z
                 	.ENDM
                 
                 	.MACRO __GETWRSX
                 	MOVW R30,R28
                 	SUBI R30,LOW(-@2)
                 	SBCI R31,HIGH(-@2)
                 	LD   R@0,Z+
                 	LD   R@1,Z
                 	.ENDM
                 
                 	.MACRO __GETBRSX2
                 	MOVW R26,R28
                 	SUBI R26,LOW(-@1)
                 	SBCI R27,HIGH(-@1)
                 	LD   R@0,X
                 	.ENDM
                 
                 	.MACRO __GETWRSX2
                 	MOVW R26,R28
                 	SUBI R26,LOW(-@2)
                 	SBCI R27,HIGH(-@2)
                 	LD   R@0,X+
                 	LD   R@1,X
                 	.ENDM
                 
                 	.MACRO __LSLW8SX
                 	MOVW R30,R28
                 	SUBI R30,LOW(-@0)
                 	SBCI R31,HIGH(-@0)
                 	LD   R31,Z
                 	CLR  R30
                 	.ENDM
                 
                 	.MACRO __PUTB1SX
                 	MOVW R26,R28
                 	SUBI R26,LOW(-@0)
                 	SBCI R27,HIGH(-@0)
                 	ST   X,R30
                 	.ENDM
                 
                 	.MACRO __PUTW1SX
                 	MOVW R26,R28
                 	SUBI R26,LOW(-@0)
                 	SBCI R27,HIGH(-@0)
                 	ST   X+,R30
                 	ST   X,R31
                 	.ENDM
                 
                 	.MACRO __PUTD1SX
                 	MOVW R26,R28
                 	SUBI R26,LOW(-@0)
                 	SBCI R27,HIGH(-@0)
                 	ST   X+,R30
                 	ST   X+,R31
                 	ST   X+,R22
                 	ST   X,R23
                 	.ENDM
                 
                 	.MACRO __CLRW1SX
                 	MOVW R26,R28
                 	SUBI R26,LOW(-@0)
                 	SBCI R27,HIGH(-@0)
                 	ST   X+,R30
                 	ST   X,R30
                 	.ENDM
                 
                 	.MACRO __CLRD1SX
                 	MOVW R26,R28
                 	SUBI R26,LOW(-@0)
                 	SBCI R27,HIGH(-@0)
                 	ST   X+,R30
                 	ST   X+,R30
                 	ST   X+,R30
                 	ST   X,R30
                 	.ENDM
                 
                 	.MACRO __PUTB2SX
                 	MOVW R30,R28
                 	SUBI R30,LOW(-@0)
                 	SBCI R31,HIGH(-@0)
                 	ST   Z,R26
                 	.ENDM
                 
                 	.MACRO __PUTW2SX
                 	MOVW R30,R28
                 	SUBI R30,LOW(-@0)
                 	SBCI R31,HIGH(-@0)
                 	ST   Z+,R26
                 	ST   Z,R27
                 	.ENDM
                 
                 	.MACRO __PUTD2SX
                 	MOVW R30,R28
                 	SUBI R30,LOW(-@0)
                 	SBCI R31,HIGH(-@0)
                 	ST   Z+,R26
                 	ST   Z+,R27
                 	ST   Z+,R24
                 	ST   Z,R25
                 	.ENDM
                 
                 	.MACRO __PUTBSRX
                 	MOVW R30,R28
                 	SUBI R30,LOW(-@1)
                 	SBCI R31,HIGH(-@1)
                 	ST   Z,R@0
                 	.ENDM
                 
                 	.MACRO __PUTWSRX
                 	MOVW R30,R28
                 	SUBI R30,LOW(-@2)
                 	SBCI R31,HIGH(-@2)
                 	ST   Z+,R@0
                 	ST   Z,R@1
                 	.ENDM
                 
                 	.MACRO __PUTB1SNX
                 	MOVW R26,R28
                 	SUBI R26,LOW(-@0)
                 	SBCI R27,HIGH(-@0)
                 	LD   R0,X+
                 	LD   R27,X
                 	MOV  R26,R0
                 	SUBI R26,LOW(-@1)
                 	SBCI R27,HIGH(-@1)
                 	ST   X,R30
                 	.ENDM
                 
                 	.MACRO __PUTW1SNX
                 	MOVW R26,R28
                 	SUBI R26,LOW(-@0)
                 	SBCI R27,HIGH(-@0)
                 	LD   R0,X+
                 	LD   R27,X
                 	MOV  R26,R0
                 	SUBI R26,LOW(-@1)
                 	SBCI R27,HIGH(-@1)
                 	ST   X+,R30
                 	ST   X,R31
                 	.ENDM
                 
                 	.MACRO __PUTD1SNX
                 	MOVW R26,R28
                 	SUBI R26,LOW(-@0)
                 	SBCI R27,HIGH(-@0)
                 	LD   R0,X+
                 	LD   R27,X
                 	MOV  R26,R0
                 	SUBI R26,LOW(-@1)
                 	SBCI R27,HIGH(-@1)
                 	ST   X+,R30
                 	ST   X+,R31
                 	ST   X+,R22
                 	ST   X,R23
                 	.ENDM
                 
                 	.MACRO __MULBRR
                 	MULS R@0,R@1
                 	MOVW R30,R0
                 	.ENDM
                 
                 	.MACRO __MULBRRU
                 	MUL  R@0,R@1
                 	MOVW R30,R0
                 	.ENDM
                 
                 	.MACRO __MULBRR0
                 	MULS R@0,R@1
                 	.ENDM
                 
                 	.MACRO __MULBRRU0
                 	MUL  R@0,R@1
                 	.ENDM
                 
                 	.MACRO __MULBNWRU
                 	LDI  R26,@2
                 	MUL  R26,R@0
                 	MOVW R30,R0
                 	MUL  R26,R@1
                 	ADD  R31,R0
                 	.ENDM
                 
                 ;NAME DEFINITIONS FOR GLOBAL VARIABLES ALLOCATED TO REGISTERS
                 	.DEF __lcd_x=R5
                 	.DEF __lcd_y=R4
                 	.DEF __lcd_maxx=R7
                 
                 	.CSEG
                 	.ORG 0x00
                 
                 ;START OF CODE MARKER
                 __START_OF_CODE:
                 
                 ;INTERRUPT VECTORS
000000 940c 0041 	JMP  __RESET
000002 940c 0000 	JMP  0x00
000004 940c 0000 	JMP  0x00
000006 940c 0000 	JMP  0x00
000008 940c 0000 	JMP  0x00
00000a 940c 0000 	JMP  0x00
00000c 940c 0000 	JMP  0x00
00000e 940c 0000 	JMP  0x00
000010 940c 0000 	JMP  0x00
000012 940c 0000 	JMP  0x00
000014 940c 0000 	JMP  0x00
000016 940c 0000 	JMP  0x00
000018 940c 0000 	JMP  0x00
00001a 940c 0000 	JMP  0x00
00001c 940c 0000 	JMP  0x00
00001e 940c 0000 	JMP  0x00
000020 940c 0000 	JMP  0x00
000022 940c 0000 	JMP  0x00
000024 940c 0000 	JMP  0x00
000026 940c 0000 	JMP  0x00
000028 940c 0000 	JMP  0x00
                 
                 _tbl10_G105:
00002a 2710
00002b 03e8
00002c 0064
00002d 000a      	.DB  0x10,0x27,0xE8,0x3,0x64,0x0,0xA,0x0
00002e 0001      	.DB  0x1,0x0
                 _tbl16_G105:
00002f 1000
000030 0100
000031 0010
000032 0001      	.DB  0x0,0x10,0x0,0x1,0x10,0x0,0x1,0x0
                 
                 _0x2000060:
C:\Users\fateme\Desktop\prjriz\Debug\List\prj.asm(1135): warning: .cseg .db misalignment - padding zero byte
000033 0001      	.DB  0x1
                 _0x2000000:
000034 4e2d
000035 4e41
000036 4900
000037 464e      	.DB  0x2D,0x4E,0x41,0x4E,0x0,0x49,0x4E,0x46
C:\Users\fateme\Desktop\prjriz\Debug\List\prj.asm(1138): warning: .cseg .db misalignment - padding zero byte
000038 0000      	.DB  0x0
                 _0x2020003:
000039 c080      	.DB  0x80,0xC0
                 
                 __GLOBAL_INI_TBL:
00003a 0001      	.DW  0x01
00003b 0260      	.DW  __seed_G100
00003c 0066      	.DW  _0x2000060*2
                 
00003d 0002      	.DW  0x02
00003e 0264      	.DW  __base_y_G101
00003f 0072      	.DW  _0x2020003*2
                 
                 _0xFFFFFFFF:
000040 0000      	.DW  0
                 
                 #define __GLOBAL_INI_TBL_PRESENT 1
                 
                 __RESET:
000041 94f8      	CLI
000042 27ee      	CLR  R30
000043 bbec      	OUT  EECR,R30
                 
                 ;INTERRUPT VECTORS ARE PLACED
                 ;AT THE START OF FLASH
000044 e0f1      	LDI  R31,1
000045 bffb      	OUT  GICR,R31
000046 bfeb      	OUT  GICR,R30
000047 bfe5      	OUT  MCUCR,R30
                 
                 ;CLEAR R2-R14
000048 e08d      	LDI  R24,(14-2)+1
000049 e0a2      	LDI  R26,2
00004a 27bb      	CLR  R27
                 __CLEAR_REG:
00004b 93ed      	ST   X+,R30
00004c 958a      	DEC  R24
00004d f7e9      	BRNE __CLEAR_REG
                 
                 ;CLEAR SRAM
00004e e080      	LDI  R24,LOW(__CLEAR_SRAM_SIZE)
00004f e098      	LDI  R25,HIGH(__CLEAR_SRAM_SIZE)
000050 e6a0      	LDI  R26,__SRAM_START
                 __CLEAR_SRAM:
000051 93ed      	ST   X+,R30
000052 9701      	SBIW R24,1
000053 f7e9      	BRNE __CLEAR_SRAM
                 
                 ;GLOBAL VARIABLES INITIALIZATION
000054 e7e4      	LDI  R30,LOW(__GLOBAL_INI_TBL*2)
000055 e0f0      	LDI  R31,HIGH(__GLOBAL_INI_TBL*2)
                 __GLOBAL_INI_NEXT:
000056 9185      	LPM  R24,Z+
000057 9195      	LPM  R25,Z+
000058 9700      	SBIW R24,0
000059 f061      	BREQ __GLOBAL_INI_END
00005a 91a5      	LPM  R26,Z+
00005b 91b5      	LPM  R27,Z+
00005c 9005      	LPM  R0,Z+
00005d 9015      	LPM  R1,Z+
00005e 01bf      	MOVW R22,R30
00005f 01f0      	MOVW R30,R0
                 __GLOBAL_INI_LOOP:
000060 9005      	LPM  R0,Z+
000061 920d      	ST   X+,R0
000062 9701      	SBIW R24,1
000063 f7e1      	BRNE __GLOBAL_INI_LOOP
000064 01fb      	MOVW R30,R22
000065 cff0      	RJMP __GLOBAL_INI_NEXT
                 __GLOBAL_INI_END:
                 
                 ;HARDWARE STACK POINTER INITIALIZATION
000066 e5ef      	LDI  R30,LOW(__SRAM_END-__HEAP_SIZE)
000067 bfed      	OUT  SPL,R30
000068 e0e8      	LDI  R30,HIGH(__SRAM_END-__HEAP_SIZE)
000069 bfee      	OUT  SPH,R30
                 
                 ;DATA STACK POINTER INITIALIZATION
00006a e6c0      	LDI  R28,LOW(__SRAM_START+__DSTACK_SIZE)
00006b e0d2      	LDI  R29,HIGH(__SRAM_START+__DSTACK_SIZE)
                 
00006c 940c 006e 	JMP  _main
                 
                 	.ESEG
                 	.ORG 0x00
                 
                 	.DSEG
                 	.ORG 0x260
                 
                 	.CSEG
                 ;/*******************************************************
                 ;This program was created by the CodeWizardAVR V3.34
                 ;Automatic Program Generator
                 ;© Copyright 1998-2018 Pavel Haiduc, HP InfoTech s.r.l.
                 ;http://www.hpinfotech.com
                 ;
                 ;Project :
                 ;Version :
                 ;Date    : 1/30/2019
                 ;Author  :
                 ;Company :
                 ;Comments:
                 ;
                 ;
                 ;Chip type               : ATmega32
                 ;Program type            : Application
                 ;AVR Core Clock frequency: 8.000000 MHz
                 ;Memory model            : Small
                 ;External RAM size       : 0
                 ;Data Stack size         : 512
                 ;*******************************************************/
                 ;
                 ;#include <mega32.h>
                 	#ifndef __SLEEP_DEFINED__
                 	#define __SLEEP_DEFINED__
                 	.EQU __se_bit=0x80
                 	.EQU __sm_mask=0x70
                 	.EQU __sm_powerdown=0x20
                 	.EQU __sm_powersave=0x30
                 	.EQU __sm_standby=0x60
                 	.EQU __sm_ext_standby=0x70
                 	.EQU __sm_adc_noise_red=0x10
                 	.SET power_ctrl_reg=mcucr
                 	#endif
                 ;#include <delay.h>
                 ;#include <stdlib.h>
                 ;
                 ;// Alphanumeric LCD Module functions
                 ;#asm
                    .equ __lcd_port=0x15 ;PORTC
                 ; 0000 001E #endasm
                 ;#include <lcd.h>
                 ;
                 ;// Declare your global variables here
                 ;void main(void)
                 ; 0000 0023 {
                 
                 	.CSEG
                 _main:
                 ; .FSTART _main
                 ; 0000 0024 
                 ; 0000 0025 unsigned int op= 0;
                 ; 0000 0026 long int_R;// result from operations
                 ; 0000 0027 char Char_R;// char shows on lcd
                 ; 0000 0028 
                 ; 0000 0029 unsigned int num1,num2= 0;//numbers from input
                 ; 0000 002A unsigned int digit_tmp = 11;//default
                 ; 0000 002B 
                 ; 0000 002C PORTC=0x00;
00006e 9728      	SBIW R28,8
00006f e0eb      	LDI  R30,LOW(11)
000070 83e8      	ST   Y,R30
000071 e0e0      	LDI  R30,LOW(0)
000072 83e9      	STD  Y+1,R30
000073 83ea      	STD  Y+2,R30
000074 83eb      	STD  Y+3,R30
                 ;	op -> R16,R17
                 ;	int_R -> Y+4
                 ;	Char_R -> R19
                 ;	num1 -> R20,R21
                 ;	num2 -> Y+2
                 ;	digit_tmp -> Y+0
                +
000075 e000     +LDI R16 , LOW ( 0 )
000076 e010     +LDI R17 , HIGH ( 0 )
                 	__GETWRN 16,17,0
000077 bbe5      	OUT  0x15,R30
                 ; 0000 002D DDRC=0x00;
000078 bbe4      	OUT  0x14,R30
                 ; 0000 002E PORTD=0x00;
000079 bbe2      	OUT  0x12,R30
                 ; 0000 002F DDRD=0x0F;
00007a e0ef      	LDI  R30,LOW(15)
00007b bbe1      	OUT  0x11,R30
                 ; 0000 0030 ACSR=0x80;
00007c e8e0      	LDI  R30,LOW(128)
00007d b9e8      	OUT  0x8,R30
                 ; 0000 0031 SFIOR=0x00;
00007e e0e0      	LDI  R30,LOW(0)
00007f bfe0      	OUT  0x30,R30
                 ; 0000 0032 
                 ; 0000 0033 
                 ; 0000 0034 
                 ; 0000 0035 lcd_init(16);
000080 e1a0      	LDI  R26,LOW(16)
000081 d233      	RCALL _lcd_init
                 ; 0000 0036 while (1)///////////////////////////////chech 4ever
                 _0x3:
                 ; 0000 0037       {
                 ; 0000 0038       PORTD = 0b00000001; //check if the first row is pressed
000082 e0e1      	LDI  R30,LOW(1)
000083 bbe2      	OUT  0x12,R30
                 ; 0000 0039 
                 ; 0000 003A       if (PIND == 0b00010001)//check if the first column is pressed= number 1
000084 b3e0      	IN   R30,0x10
000085 31e1      	CPI  R30,LOW(0x11)
000086 f469      	BRNE _0x6
                 ; 0000 003B       {
                 ; 0000 003C          while (PIND == 0b00010001){
                 _0x7:
000087 b3e0      	IN   R30,0x10
000088 31e1      	CPI  R30,LOW(0x11)
000089 f419      	BRNE _0x9
                 ; 0000 003D             PORTD = 0;
00008a e0e0      	LDI  R30,LOW(0)
00008b bbe2      	OUT  0x12,R30
                 ; 0000 003E          }
00008c cffa      	RJMP _0x7
                 _0x9:
                 ; 0000 003F          lcd_putchar('1');
00008d e3a1      	LDI  R26,LOW(49)
00008e d1ec      	RCALL _lcd_putchar
                 ; 0000 0040          digit_tmp= 1;
00008f e0e1      	LDI  R30,LOW(1)
000090 e0f0      	LDI  R31,HIGH(1)
000091 83e8      	ST   Y,R30
000092 83f9      	STD  Y+1,R31
                 ; 0000 0041          delay_ms(200);
000093 c02d      	RJMP _0x5F
                 ; 0000 0042       }
                 ; 0000 0043       else if (PIND == 0b00100001)//check if the sec column is pressed = bumber 2
                 _0x6:
000094 b3e0      	IN   R30,0x10
000095 32e1      	CPI  R30,LOW(0x21)
000096 f469      	BRNE _0xB
                 ; 0000 0044       {
                 ; 0000 0045          while (PIND == 0b00100001){
                 _0xC:
000097 b3e0      	IN   R30,0x10
000098 32e1      	CPI  R30,LOW(0x21)
000099 f419      	BRNE _0xE
                 ; 0000 0046             PORTD = 0;//reset portD
00009a e0e0      	LDI  R30,LOW(0)
00009b bbe2      	OUT  0x12,R30
                 ; 0000 0047          }
00009c cffa      	RJMP _0xC
                 _0xE:
                 ; 0000 0048          lcd_putchar('2');
00009d e3a2      	LDI  R26,LOW(50)
00009e d1dc      	RCALL _lcd_putchar
                 ; 0000 0049          digit_tmp = 2;
00009f e0e2      	LDI  R30,LOW(2)
0000a0 e0f0      	LDI  R31,HIGH(2)
0000a1 83e8      	ST   Y,R30
0000a2 83f9      	STD  Y+1,R31
                 ; 0000 004A          delay_ms(200);
0000a3 c01d      	RJMP _0x5F
                 ; 0000 004B       }
                 ; 0000 004C       else if (PIND == 0b01000001)//check if the 3rd column is pressed number 3
                 _0xB:
0000a4 b3e0      	IN   R30,0x10
0000a5 34e1      	CPI  R30,LOW(0x41)
0000a6 f469      	BRNE _0x10
                 ; 0000 004D       {
                 ; 0000 004E          while (PIND == 0b01000001){
                 _0x11:
0000a7 b3e0      	IN   R30,0x10
0000a8 34e1      	CPI  R30,LOW(0x41)
0000a9 f419      	BRNE _0x13
                 ; 0000 004F             PORTD = 0;
0000aa e0e0      	LDI  R30,LOW(0)
0000ab bbe2      	OUT  0x12,R30
                 ; 0000 0050          }
0000ac cffa      	RJMP _0x11
                 _0x13:
                 ; 0000 0051          lcd_putchar('3');
0000ad e3a3      	LDI  R26,LOW(51)
0000ae d1cc      	RCALL _lcd_putchar
                 ; 0000 0052          digit_tmp = 3;
0000af e0e3      	LDI  R30,LOW(3)
0000b0 e0f0      	LDI  R31,HIGH(3)
0000b1 83e8      	ST   Y,R30
0000b2 83f9      	STD  Y+1,R31
                 ; 0000 0053          delay_ms(200);
0000b3 c00d      	RJMP _0x5F
                 ; 0000 0054       }
                 ; 0000 0055       else if (PIND == 0b10000001)//first op is / division
                 _0x10:
0000b4 b3e0      	IN   R30,0x10
0000b5 38e1      	CPI  R30,LOW(0x81)
0000b6 f469      	BRNE _0x15
                 ; 0000 0056       {
                 ; 0000 0057          while (PIND == 0b10000001){
                 _0x16:
0000b7 b3e0      	IN   R30,0x10
0000b8 38e1      	CPI  R30,LOW(0x81)
0000b9 f419      	BRNE _0x18
                 ; 0000 0058             PORTD = 0;
0000ba e0e0      	LDI  R30,LOW(0)
0000bb bbe2      	OUT  0x12,R30
                 ; 0000 0059          }
0000bc cffa      	RJMP _0x16
                 _0x18:
                 ; 0000 005A          lcd_putchar('/');
0000bd e2af      	LDI  R26,LOW(47)
0000be d1bc      	RCALL _lcd_putchar
                 ; 0000 005B          op = 1;
                +
0000bf e001     +LDI R16 , LOW ( 1 )
0000c0 e010     +LDI R17 , HIGH ( 1 )
                 	__GETWRN 16,17,1
                 ; 0000 005C          delay_ms(200);
                 _0x5F:
0000c1 eca8      	LDI  R26,LOW(200)
0000c2 e0b0      	LDI  R27,0
0000c3 d2b2      	RCALL _delay_ms
                 ; 0000 005D       }
                 ; 0000 005E 
                 ; 0000 005F       PORTD = 0b00000010;  // row 2 is preseeed
                 _0x15:
0000c4 e0e2      	LDI  R30,LOW(2)
0000c5 bbe2      	OUT  0x12,R30
                 ; 0000 0060       if (PIND == 0b00010010)
0000c6 b3e0      	IN   R30,0x10
0000c7 31e2      	CPI  R30,LOW(0x12)
0000c8 f469      	BRNE _0x19
                 ; 0000 0061       {
                 ; 0000 0062          while (PIND == 0b00010010){ // check if 4 is pressed
                 _0x1A:
0000c9 b3e0      	IN   R30,0x10
0000ca 31e2      	CPI  R30,LOW(0x12)
0000cb f419      	BRNE _0x1C
                 ; 0000 0063             PORTD = 0;
0000cc e0e0      	LDI  R30,LOW(0)
0000cd bbe2      	OUT  0x12,R30
                 ; 0000 0064          }
0000ce cffa      	RJMP _0x1A
                 _0x1C:
                 ; 0000 0065          lcd_putchar('4');
0000cf e3a4      	LDI  R26,LOW(52)
0000d0 d1aa      	RCALL _lcd_putchar
                 ; 0000 0066          digit_tmp = 4;
0000d1 e0e4      	LDI  R30,LOW(4)
0000d2 e0f0      	LDI  R31,HIGH(4)
0000d3 83e8      	ST   Y,R30
0000d4 83f9      	STD  Y+1,R31
                 ; 0000 0067          delay_ms(200);
0000d5 c02d      	RJMP _0x60
                 ; 0000 0068       }
                 ; 0000 0069       else if (PIND == 0b00100010)
                 _0x19:
0000d6 b3e0      	IN   R30,0x10
0000d7 32e2      	CPI  R30,LOW(0x22)
0000d8 f469      	BRNE _0x1E
                 ; 0000 006A       {
                 ; 0000 006B          while (PIND == 0b00100010){ //check for num5
                 _0x1F:
0000d9 b3e0      	IN   R30,0x10
0000da 32e2      	CPI  R30,LOW(0x22)
0000db f419      	BRNE _0x21
                 ; 0000 006C             PORTD = 0;
0000dc e0e0      	LDI  R30,LOW(0)
0000dd bbe2      	OUT  0x12,R30
                 ; 0000 006D          }
0000de cffa      	RJMP _0x1F
                 _0x21:
                 ; 0000 006E          lcd_putchar('5');
0000df e3a5      	LDI  R26,LOW(53)
0000e0 d19a      	RCALL _lcd_putchar
                 ; 0000 006F          digit_tmp= 5;
0000e1 e0e5      	LDI  R30,LOW(5)
0000e2 e0f0      	LDI  R31,HIGH(5)
0000e3 83e8      	ST   Y,R30
0000e4 83f9      	STD  Y+1,R31
                 ; 0000 0070          delay_ms(200);
0000e5 c01d      	RJMP _0x60
                 ; 0000 0071       }
                 ; 0000 0072       else if (PIND == 0b01000010)
                 _0x1E:
0000e6 b3e0      	IN   R30,0x10
0000e7 34e2      	CPI  R30,LOW(0x42)
0000e8 f469      	BRNE _0x23
                 ; 0000 0073       {
                 ; 0000 0074          while (PIND == 0b01000010){// check for number 6
                 _0x24:
0000e9 b3e0      	IN   R30,0x10
0000ea 34e2      	CPI  R30,LOW(0x42)
0000eb f419      	BRNE _0x26
                 ; 0000 0075             PORTD = 0;
0000ec e0e0      	LDI  R30,LOW(0)
0000ed bbe2      	OUT  0x12,R30
                 ; 0000 0076          }
0000ee cffa      	RJMP _0x24
                 _0x26:
                 ; 0000 0077          lcd_putchar('6');
0000ef e3a6      	LDI  R26,LOW(54)
0000f0 d18a      	RCALL _lcd_putchar
                 ; 0000 0078          digit_tmp = 6;
0000f1 e0e6      	LDI  R30,LOW(6)
0000f2 e0f0      	LDI  R31,HIGH(6)
0000f3 83e8      	ST   Y,R30
0000f4 83f9      	STD  Y+1,R31
                 ; 0000 0079          delay_ms(200);
0000f5 c00d      	RJMP _0x60
                 ; 0000 007A       }
                 ; 0000 007B       else if (PIND == 0b10000010)
                 _0x23:
0000f6 b3e0      	IN   R30,0x10
0000f7 38e2      	CPI  R30,LOW(0x82)
0000f8 f469      	BRNE _0x28
                 ; 0000 007C       {
                 ; 0000 007D          while (PIND == 0b10000010){ // check for * op
                 _0x29:
0000f9 b3e0      	IN   R30,0x10
0000fa 38e2      	CPI  R30,LOW(0x82)
0000fb f419      	BRNE _0x2B
                 ; 0000 007E             PORTD = 0;
0000fc e0e0      	LDI  R30,LOW(0)
0000fd bbe2      	OUT  0x12,R30
                 ; 0000 007F          }
0000fe cffa      	RJMP _0x29
                 _0x2B:
                 ; 0000 0080          lcd_putchar('*');
0000ff e2aa      	LDI  R26,LOW(42)
000100 d17a      	RCALL _lcd_putchar
                 ; 0000 0081          op = 2;
                +
000101 e002     +LDI R16 , LOW ( 2 )
000102 e010     +LDI R17 , HIGH ( 2 )
                 	__GETWRN 16,17,2
                 ; 0000 0082          delay_ms(200);
                 _0x60:
000103 eca8      	LDI  R26,LOW(200)
000104 e0b0      	LDI  R27,0
000105 d270      	RCALL _delay_ms
                 ; 0000 0083       }
                 ; 0000 0084 
                 ; 0000 0085       PORTD = 0b00000100;
                 _0x28:
000106 e0e4      	LDI  R30,LOW(4)
000107 bbe2      	OUT  0x12,R30
                 ; 0000 0086 
                 ; 0000 0087       if (PIND == 0b00010100)
000108 b3e0      	IN   R30,0x10
000109 31e4      	CPI  R30,LOW(0x14)
00010a f469      	BRNE _0x2C
                 ; 0000 0088       {
                 ; 0000 0089          while (PIND == 0b00010100){ //check for number 7
                 _0x2D:
00010b b3e0      	IN   R30,0x10
00010c 31e4      	CPI  R30,LOW(0x14)
00010d f419      	BRNE _0x2F
                 ; 0000 008A             PORTD = 0;
00010e e0e0      	LDI  R30,LOW(0)
00010f bbe2      	OUT  0x12,R30
                 ; 0000 008B          }
000110 cffa      	RJMP _0x2D
                 _0x2F:
                 ; 0000 008C          lcd_putchar('7');
000111 e3a7      	LDI  R26,LOW(55)
000112 d168      	RCALL _lcd_putchar
                 ; 0000 008D          digit_tmp = 7;
000113 e0e7      	LDI  R30,LOW(7)
000114 e0f0      	LDI  R31,HIGH(7)
000115 83e8      	ST   Y,R30
000116 83f9      	STD  Y+1,R31
                 ; 0000 008E          delay_ms(200);
000117 c02d      	RJMP _0x61
                 ; 0000 008F       }
                 ; 0000 0090       else if (PIND == 0b00100100)
                 _0x2C:
000118 b3e0      	IN   R30,0x10
000119 32e4      	CPI  R30,LOW(0x24)
00011a f469      	BRNE _0x31
                 ; 0000 0091       {
                 ; 0000 0092          while (PIND == 0b00100100){ // check for number 8
                 _0x32:
00011b b3e0      	IN   R30,0x10
00011c 32e4      	CPI  R30,LOW(0x24)
00011d f419      	BRNE _0x34
                 ; 0000 0093             PORTD = 0;
00011e e0e0      	LDI  R30,LOW(0)
00011f bbe2      	OUT  0x12,R30
                 ; 0000 0094          }
000120 cffa      	RJMP _0x32
                 _0x34:
                 ; 0000 0095          lcd_putchar('8');
000121 e3a8      	LDI  R26,LOW(56)
000122 d158      	RCALL _lcd_putchar
                 ; 0000 0096          digit_tmp = 8;
000123 e0e8      	LDI  R30,LOW(8)
000124 e0f0      	LDI  R31,HIGH(8)
000125 83e8      	ST   Y,R30
000126 83f9      	STD  Y+1,R31
                 ; 0000 0097          delay_ms(200);
000127 c01d      	RJMP _0x61
                 ; 0000 0098       }
                 ; 0000 0099       else if (PIND == 0b01000100)
                 _0x31:
000128 b3e0      	IN   R30,0x10
000129 34e4      	CPI  R30,LOW(0x44)
00012a f469      	BRNE _0x36
                 ; 0000 009A       {
                 ; 0000 009B          while (PIND == 0b01000100){// check for number 9
                 _0x37:
00012b b3e0      	IN   R30,0x10
00012c 34e4      	CPI  R30,LOW(0x44)
00012d f419      	BRNE _0x39
                 ; 0000 009C             PORTD = 0;
00012e e0e0      	LDI  R30,LOW(0)
00012f bbe2      	OUT  0x12,R30
                 ; 0000 009D          }
000130 cffa      	RJMP _0x37
                 _0x39:
                 ; 0000 009E          lcd_putchar('9');
000131 e3a9      	LDI  R26,LOW(57)
000132 d148      	RCALL _lcd_putchar
                 ; 0000 009F          digit_tmp = 9;
000133 e0e9      	LDI  R30,LOW(9)
000134 e0f0      	LDI  R31,HIGH(9)
000135 83e8      	ST   Y,R30
000136 83f9      	STD  Y+1,R31
                 ; 0000 00A0          delay_ms(200);
000137 c00d      	RJMP _0x61
                 ; 0000 00A1       }
                 ; 0000 00A2       else if (PIND == 0b10000100)
                 _0x36:
000138 b3e0      	IN   R30,0x10
000139 38e4      	CPI  R30,LOW(0x84)
00013a f469      	BRNE _0x3B
                 ; 0000 00A3       {
                 ; 0000 00A4          while (PIND == 0b10000100){  //check for - operation
                 _0x3C:
00013b b3e0      	IN   R30,0x10
00013c 38e4      	CPI  R30,LOW(0x84)
00013d f419      	BRNE _0x3E
                 ; 0000 00A5             PORTD = 0;
00013e e0e0      	LDI  R30,LOW(0)
00013f bbe2      	OUT  0x12,R30
                 ; 0000 00A6          }
000140 cffa      	RJMP _0x3C
                 _0x3E:
                 ; 0000 00A7          lcd_putchar('-');
000141 e2ad      	LDI  R26,LOW(45)
000142 d138      	RCALL _lcd_putchar
                 ; 0000 00A8          op = 3;
                +
000143 e003     +LDI R16 , LOW ( 3 )
000144 e010     +LDI R17 , HIGH ( 3 )
                 	__GETWRN 16,17,3
                 ; 0000 00A9          delay_ms(200);
                 _0x61:
000145 eca8      	LDI  R26,LOW(200)
000146 e0b0      	LDI  R27,0
000147 d22e      	RCALL _delay_ms
                 ; 0000 00AA       }
                 ; 0000 00AB 
                 ; 0000 00AC       PORTD = 0b00001000;
                 _0x3B:
000148 e0e8      	LDI  R30,LOW(8)
000149 bbe2      	OUT  0x12,R30
                 ; 0000 00AD 
                 ; 0000 00AE       if (PIND == 0b00011000)
00014a b3e0      	IN   R30,0x10
00014b 31e8      	CPI  R30,LOW(0x18)
00014c f449      	BRNE _0x3F
                 ; 0000 00AF       {
                 ; 0000 00B0          while (PIND == 0b00011000){ // if the button number 13 is pressed do the reset
                 _0x40:
00014d b3e0      	IN   R30,0x10
00014e 31e8      	CPI  R30,LOW(0x18)
00014f f419      	BRNE _0x42
                 ; 0000 00B1             PORTD = 0;
000150 e0e0      	LDI  R30,LOW(0)
000151 bbe2      	OUT  0x12,R30
                 ; 0000 00B2          }
000152 cffa      	RJMP _0x40
                 _0x42:
                 ; 0000 00B3          lcd_clear();
000153 d11a      	RCALL _lcd_clear
                 ; 0000 00B4          num1 = 0;
000154 d192      	RCALL SUBOPT_0x0
                 ; 0000 00B5          num2 = 0;
                 ; 0000 00B6          digit_tmp = 11; //default digit temp
                 ; 0000 00B7          op= 0;
                 ; 0000 00B8          delay_ms(200);
000155 c02c      	RJMP _0x62
                 ; 0000 00B9       }
                 ; 0000 00BA       else if (PIND == 0b00101000)
                 _0x3F:
000156 b3e0      	IN   R30,0x10
000157 32e8      	CPI  R30,LOW(0x28)
000158 f461      	BRNE _0x44
                 ; 0000 00BB       {
                 ; 0000 00BC          while (PIND == 0b00101000){ // there is 0 number next to reset
                 _0x45:
000159 b3e0      	IN   R30,0x10
00015a 32e8      	CPI  R30,LOW(0x28)
00015b f419      	BRNE _0x47
                 ; 0000 00BD             PORTD = 0;
00015c e0e0      	LDI  R30,LOW(0)
00015d bbe2      	OUT  0x12,R30
                 ; 0000 00BE          }
00015e cffa      	RJMP _0x45
                 _0x47:
                 ; 0000 00BF          lcd_putchar('0');
00015f e3a0      	LDI  R26,LOW(48)
000160 d11a      	RCALL _lcd_putchar
                 ; 0000 00C0          digit_tmp= 0;
000161 e0e0      	LDI  R30,LOW(0)
000162 83e8      	STD  Y+0,R30
000163 83e9      	STD  Y+0+1,R30
                 ; 0000 00C1          delay_ms(200);
000164 c01d      	RJMP _0x62
                 ; 0000 00C2       }
                 ; 0000 00C3       else if (PIND == 0b01001000)
                 _0x44:
000165 b3e0      	IN   R30,0x10
000166 34e8      	CPI  R30,LOW(0x48)
000167 f469      	BRNE _0x49
                 ; 0000 00C4       {
                 ; 0000 00C5          while (PIND == 0b01001000){ //last row and 3rd column is = ... number 10
                 _0x4A:
000168 b3e0      	IN   R30,0x10
000169 34e8      	CPI  R30,LOW(0x48)
00016a f419      	BRNE _0x4C
                 ; 0000 00C6             PORTD = 0;
00016b e0e0      	LDI  R30,LOW(0)
00016c bbe2      	OUT  0x12,R30
                 ; 0000 00C7          }
00016d cffa      	RJMP _0x4A
                 _0x4C:
                 ; 0000 00C8          lcd_putchar('=');
00016e e3ad      	LDI  R26,LOW(61)
00016f d10b      	RCALL _lcd_putchar
                 ; 0000 00C9          digit_tmp = 10;
000170 e0ea      	LDI  R30,LOW(10)
000171 e0f0      	LDI  R31,HIGH(10)
000172 83e8      	ST   Y,R30
000173 83f9      	STD  Y+1,R31
                 ; 0000 00CA          delay_ms(200);
000174 c00d      	RJMP _0x62
                 ; 0000 00CB       }
                 ; 0000 00CC       else if (PIND == 0b10001000)
                 _0x49:
000175 b3e0      	IN   R30,0x10
000176 38e8      	CPI  R30,LOW(0x88)
000177 f469      	BRNE _0x4E
                 ; 0000 00CD       {
                 ; 0000 00CE          while (PIND == 0b10001000){ //last button for +
                 _0x4F:
000178 b3e0      	IN   R30,0x10
000179 38e8      	CPI  R30,LOW(0x88)
00017a f419      	BRNE _0x51
                 ; 0000 00CF             PORTD = 0;
00017b e0e0      	LDI  R30,LOW(0)
00017c bbe2      	OUT  0x12,R30
                 ; 0000 00D0          }
00017d cffa      	RJMP _0x4F
                 _0x51:
                 ; 0000 00D1          lcd_putchar('+');
00017e e2ab      	LDI  R26,LOW(43)
00017f d0fb      	RCALL _lcd_putchar
                 ; 0000 00D2          op = 4;
                +
000180 e004     +LDI R16 , LOW ( 4 )
000181 e010     +LDI R17 , HIGH ( 4 )
                 	__GETWRN 16,17,4
                 ; 0000 00D3          delay_ms(200);
                 _0x62:
000182 eca8      	LDI  R26,LOW(200)
000183 e0b0      	LDI  R27,0
000184 d1f1      	RCALL _delay_ms
                 ; 0000 00D4       }
                 ; 0000 00D5       if (digit_tmp < 10) //get number input and add the next digit
                 _0x4E:
000185 81a8      	LD   R26,Y
000186 81b9      	LDD  R27,Y+1
000187 971a      	SBIW R26,10
000188 f4c0      	BRSH _0x52
                 ; 0000 00D6       {
                 ; 0000 00D7           if (op == 0)
000189 2e00      	MOV  R0,R16
00018a 2a01      	OR   R0,R17
00018b f441      	BRNE _0x53
                 ; 0000 00D8               num1= num1*10+digit_tmp;
                +
00018c e0aa     +LDI R26 , 10
00018d 9fa4     +MUL R26 , R20
00018e 01f0     +MOVW R30 , R0
00018f 9fa5     +MUL R26 , R21
000190 0df0     +ADD R31 , R0
                 	__MULBNWRU 20,21,10
000191 d161      	RCALL SUBOPT_0x1
000192 01af      	MOVW R20,R30
                 ; 0000 00D9           else
000193 c008      	RJMP _0x54
                 _0x53:
                 ; 0000 00DA               num2= num2*10+digit_tmp;
000194 81aa      	LDD  R26,Y+2
000195 81bb      	LDD  R27,Y+2+1
000196 e0ea      	LDI  R30,LOW(10)
000197 940e 032c 	CALL __MULB1W2U
000199 d159      	RCALL SUBOPT_0x1
00019a 83ea      	STD  Y+2,R30
00019b 83fb      	STD  Y+2+1,R31
                 ; 0000 00DB           digit_tmp = 11;
                 _0x54:
00019c e0eb      	LDI  R30,LOW(11)
00019d e0f0      	LDI  R31,HIGH(11)
00019e 83e8      	ST   Y,R30
00019f 83f9      	STD  Y+1,R31
                 ; 0000 00DC       }
                 ; 0000 00DD       else if(digit_tmp== 10) // do the opertaion
0001a0 c03e      	RJMP _0x55
                 _0x52:
0001a1 81a8      	LD   R26,Y
0001a2 81b9      	LDD  R27,Y+1
0001a3 971a      	SBIW R26,10
0001a4 f5d1      	BRNE _0x56
                 ; 0000 00DE       {
                 ; 0000 00DF           switch (op){
0001a5 01f8      	MOVW R30,R16
                 ; 0000 00E0           case 1:
0001a6 30e1      	CPI  R30,LOW(0x1)
0001a7 e0a0      	LDI  R26,HIGH(0x1)
0001a8 07fa      	CPC  R31,R26
0001a9 f429      	BRNE _0x5A
                 ; 0000 00E1               int_R=num1/num2;
0001aa 81ea      	LDD  R30,Y+2
0001ab 81fb      	LDD  R31,Y+2+1
0001ac 01da      	MOVW R26,R20
0001ad d184      	RCALL __DIVW21U
0001ae c01b      	RJMP _0x63
                 ; 0000 00E2               break;
                 ; 0000 00E3           case 2:
                 _0x5A:
0001af 30e2      	CPI  R30,LOW(0x2)
0001b0 e0a0      	LDI  R26,HIGH(0x2)
0001b1 07fa      	CPC  R31,R26
0001b2 f429      	BRNE _0x5B
                 ; 0000 00E4               int_R= num1*num2;
0001b3 81ea      	LDD  R30,Y+2
0001b4 81fb      	LDD  R31,Y+2+1
0001b5 01da      	MOVW R26,R20
0001b6 d16d      	RCALL __MULW12U
0001b7 c012      	RJMP _0x63
                 ; 0000 00E5               break;
                 ; 0000 00E6           case 3:
                 _0x5B:
0001b8 30e3      	CPI  R30,LOW(0x3)
0001b9 e0a0      	LDI  R26,HIGH(0x3)
0001ba 07fa      	CPC  R31,R26
0001bb f431      	BRNE _0x5C
                 ; 0000 00E7               int_R=num1-num2;
0001bc 81aa      	LDD  R26,Y+2
0001bd 81bb      	LDD  R27,Y+2+1
0001be 01fa      	MOVW R30,R20
0001bf 1bea      	SUB  R30,R26
0001c0 0bfb      	SBC  R31,R27
0001c1 c008      	RJMP _0x63
                 ; 0000 00E8               break;
                 ; 0000 00E9           case 4:
                 _0x5C:
0001c2 30e4      	CPI  R30,LOW(0x4)
0001c3 e0a0      	LDI  R26,HIGH(0x4)
0001c4 07fa      	CPC  R31,R26
0001c5 f439      	BRNE _0x59
                 ; 0000 00EA               int_R =num1+num2;
0001c6 81ea      	LDD  R30,Y+2
0001c7 81fb      	LDD  R31,Y+2+1
0001c8 0fe4      	ADD  R30,R20
0001c9 1ff5      	ADC  R31,R21
                 _0x63:
0001ca 2766      	CLR  R22
0001cb 2777      	CLR  R23
0001cc d12b      	RCALL SUBOPT_0x2
                 ; 0000 00EB               break;
                 ; 0000 00EC           }
                 _0x59:
                 ; 0000 00ED           lcd_clear();
0001cd d0a0      	RCALL _lcd_clear
                 ; 0000 00EE           lcd_gotoxy(0,0);
0001ce e0e0      	LDI  R30,LOW(0)
0001cf 93ea      	ST   -Y,R30
0001d0 e0a0      	LDI  R26,LOW(0)
0001d1 d08e      	RCALL _lcd_gotoxy
                 ; 0000 00EF           ltoa(int_R,&Char_R); //show result
0001d2 d12a      	RCALL SUBOPT_0x3
0001d3 d199      	RCALL __PUTPARD1
0001d4 b7ad      	IN   R26,SPL
0001d5 b7be      	IN   R27,SPH
0001d6 933f      	PUSH R19
0001d7 d009      	RCALL _ltoa
0001d8 913f      	POP  R19
                 ; 0000 00F0           lcd_puts(&Char_R);
0001d9 b7ad      	IN   R26,SPL
0001da b7be      	IN   R27,SPH
0001db 933f      	PUSH R19
0001dc d0b7      	RCALL _lcd_puts
0001dd 913f      	POP  R19
                 ; 0000 00F1           num1= 0;
0001de d108      	RCALL SUBOPT_0x0
                 ; 0000 00F2           num2 = 0;
                 ; 0000 00F3           digit_tmp= 11;
                 ; 0000 00F4           op = 0;
                 ; 0000 00F5       }
                 ; 0000 00F6       };
                 _0x56:
                 _0x55:
0001df cea2      	RJMP _0x3
                 ; 0000 00F7 }
                 _0x5E:
0001e0 cfff      	RJMP _0x5E
                 ; .FEND
                 
                 	.CSEG
                 _ltoa:
                 ; .FSTART _ltoa
0001e1 9724      	SBIW R28,4
0001e2 d12f      	RCALL __SAVELOCR4
0001e3 019d      	MOVW R18,R26
                +
0001e4 e0e0     +LDI R30 , LOW ( 0x3B9ACA00 )
0001e5 ecfa     +LDI R31 , HIGH ( 0x3B9ACA00 )
0001e6 e96a     +LDI R22 , BYTE3 ( 0x3B9ACA00 )
0001e7 e37b     +LDI R23 , BYTE4 ( 0x3B9ACA00 )
                 	__GETD1N 0x3B9ACA00
0001e8 d10f      	RCALL SUBOPT_0x2
0001e9 e000      	LDI  R16,LOW(0)
0001ea 85ab      	LDD  R26,Y+11
0001eb 23aa      	TST  R26
0001ec f45a      	BRPL _0x2000003
                +
0001ed 85e8     +LDD R30 , Y + 8
0001ee 85f9     +LDD R31 , Y + 8 + 1
0001ef 856a     +LDD R22 , Y + 8 + 2
0001f0 857b     +LDD R23 , Y + 8 + 3
                 	__GETD1S 8
0001f1 d12a      	RCALL __ANEGD1
0001f2 d10f      	RCALL SUBOPT_0x4
0001f3 01d9      	MOVW R26,R18
                +
0001f4 5f2f     +SUBI R18 , LOW ( - 1 )
0001f5 4f3f     +SBCI R19 , HIGH ( - 1 )
                 	__ADDWRN 18,19,1
0001f6 e2ed      	LDI  R30,LOW(45)
0001f7 93ec      	ST   X,R30
                 _0x2000003:
                 _0x2000005:
0001f8 d10e      	RCALL SUBOPT_0x5
0001f9 d14b      	RCALL __DIVD21U
0001fa 2f1e      	MOV  R17,R30
0001fb 3010      	CPI  R17,0
0001fc f459      	BRNE _0x2000008
0001fd 3000      	CPI  R16,0
0001fe f449      	BRNE _0x2000008
0001ff d10d      	RCALL SUBOPT_0x6
                +
000200 30a1     +CPI R26 , LOW ( 0x1 )
000201 e0e0     +LDI R30 , HIGH ( 0x1 )
000202 07be     +CPC R27 , R30
000203 e0e0     +LDI R30 , BYTE3 ( 0x1 )
000204 078e     +CPC R24 , R30
000205 e0e0     +LDI R30 , BYTE4 ( 0x1 )
000206 079e     +CPC R25 , R30
                 	__CPD2N 0x1
000207 f451      	BRNE _0x2000007
                 _0x2000008:
000208 933f      	PUSH R19
000209 932f      	PUSH R18
                +
00020a 5f2f     +SUBI R18 , LOW ( - 1 )
00020b 4f3f     +SBCI R19 , HIGH ( - 1 )
                 	__ADDWRN 18,19,1
00020c 2fe1      	MOV  R30,R17
00020d 5de0      	SUBI R30,-LOW(48)
00020e 91af      	POP  R26
00020f 91bf      	POP  R27
000210 93ec      	ST   X,R30
000211 e001      	LDI  R16,LOW(1)
                 _0x2000007:
000212 d0f4      	RCALL SUBOPT_0x5
000213 d155      	RCALL __MODD21U
000214 d0ed      	RCALL SUBOPT_0x4
000215 d0f7      	RCALL SUBOPT_0x6
                +
000216 e0ea     +LDI R30 , LOW ( 0xA )
000217 e0f0     +LDI R31 , HIGH ( 0xA )
000218 e060     +LDI R22 , BYTE3 ( 0xA )
000219 e070     +LDI R23 , BYTE4 ( 0xA )
                 	__GETD1N 0xA
00021a d12a      	RCALL __DIVD21U
00021b d0dc      	RCALL SUBOPT_0x2
00021c d0e0      	RCALL SUBOPT_0x3
00021d d154      	RCALL __CPD10
00021e f6c9      	BRNE _0x2000005
00021f 01d9      	MOVW R26,R18
000220 e0e0      	LDI  R30,LOW(0)
000221 93ec      	ST   X,R30
000222 d0f4      	RCALL __LOADLOCR4
000223 962c      	ADIW R28,12
000224 9508      	RET
                 ; .FEND
                 
                 	.DSEG
                 
                 	.CSEG
                 	#ifndef __SLEEP_DEFINED__
                 	#endif
                     .equ __lcd_direction=__lcd_port-1
                     .equ __lcd_pin=__lcd_port-2
                     .equ __lcd_rs=0
                     .equ __lcd_rd=1
                     .equ __lcd_enable=2
                     .equ __lcd_busy_flag=7
                 
                 	.DSEG
                 
                 	.CSEG
                 __lcd_delay_G101:
                 ; .FSTART __lcd_delay_G101
000225 e0ff          ldi   r31,15
                 __lcd_delay0:
000226 95fa          dec   r31
000227 f7f1          brne  __lcd_delay0
000228 9508      	RET
                 ; .FEND
                 __lcd_ready:
                 ; .FSTART __lcd_ready
000229 b3a4          in    r26,__lcd_direction
00022a 70af          andi  r26,0xf                 ;set as input
00022b bba4          out   __lcd_direction,r26
00022c 9aa9          sbi   __lcd_port,__lcd_rd     ;RD=1
00022d 98a8          cbi   __lcd_port,__lcd_rs     ;RS=0
                 __lcd_busy:
00022e dff6      	RCALL __lcd_delay_G101
00022f 9aaa          sbi   __lcd_port,__lcd_enable ;EN=1
000230 dff4      	RCALL __lcd_delay_G101
000231 b3a3          in    r26,__lcd_pin
000232 98aa          cbi   __lcd_port,__lcd_enable ;EN=0
000233 dff1      	RCALL __lcd_delay_G101
000234 9aaa          sbi   __lcd_port,__lcd_enable ;EN=1
000235 dfef      	RCALL __lcd_delay_G101
000236 98aa          cbi   __lcd_port,__lcd_enable ;EN=0
000237 fda7          sbrc  r26,__lcd_busy_flag
000238 cff5          rjmp  __lcd_busy
000239 9508      	RET
                 ; .FEND
                 __lcd_write_nibble_G101:
                 ; .FSTART __lcd_write_nibble_G101
00023a 7fa0          andi  r26,0xf0
00023b 2bab          or    r26,r27
00023c bba5          out   __lcd_port,r26          ;write
00023d 9aaa          sbi   __lcd_port,__lcd_enable ;EN=1
00023e dfe6      	RCALL __lcd_delay_G101
00023f 98aa          cbi   __lcd_port,__lcd_enable ;EN=0
000240 dfe4      	RCALL __lcd_delay_G101
000241 9508      	RET
                 ; .FEND
                 __lcd_write_data:
                 ; .FSTART __lcd_write_data
000242 93aa      	ST   -Y,R26
000243 98a9          cbi  __lcd_port,__lcd_rd 	  ;RD=0
000244 b3a4          in    r26,__lcd_direction
000245 6fa7          ori   r26,0xf0 | (1<<__lcd_rs) | (1<<__lcd_rd) | (1<<__lcd_enable) ;set as output
000246 bba4          out   __lcd_direction,r26
000247 b3b5          in    r27,__lcd_port
000248 70bf          andi  r27,0xf
000249 81a8          ld    r26,y
00024a dfef      	RCALL __lcd_write_nibble_G101
00024b 81a8          ld    r26,y
00024c 95a2          swap  r26
00024d dfec      	RCALL __lcd_write_nibble_G101
00024e 9aa9          sbi   __lcd_port,__lcd_rd     ;RD=1
00024f 940c 02e5 	JMP  _0x20C0001
                 ; .FEND
                 __lcd_read_nibble_G101:
                 ; .FSTART __lcd_read_nibble_G101
000251 9aaa          sbi   __lcd_port,__lcd_enable ;EN=1
000252 dfd2      	RCALL __lcd_delay_G101
000253 b3e3          in    r30,__lcd_pin           ;read
000254 98aa          cbi   __lcd_port,__lcd_enable ;EN=0
000255 dfcf      	RCALL __lcd_delay_G101
000256 7fe0          andi  r30,0xf0
000257 9508      	RET
                 ; .FEND
                 _lcd_read_byte0_G101:
                 ; .FSTART _lcd_read_byte0_G101
000258 dfcc      	RCALL __lcd_delay_G101
000259 dff7      	RCALL __lcd_read_nibble_G101
00025a 2fae          mov   r26,r30
00025b dff5      	RCALL __lcd_read_nibble_G101
00025c 98a9          cbi   __lcd_port,__lcd_rd     ;RD=0
00025d 95e2          swap  r30
00025e 2bea          or    r30,r26
00025f 9508      	RET
                 ; .FEND
                 _lcd_gotoxy:
                 ; .FSTART _lcd_gotoxy
000260 93aa      	ST   -Y,R26
000261 dfc7      	RCALL __lcd_ready
000262 81e8      	LD   R30,Y
000263 e0f0      	LDI  R31,0
000264 59ec      	SUBI R30,LOW(-__base_y_G101)
000265 4ffd      	SBCI R31,HIGH(-__base_y_G101)
000266 81e0      	LD   R30,Z
000267 81a9      	LDD  R26,Y+1
000268 0fae      	ADD  R26,R30
000269 dfd8      	RCALL __lcd_write_data
00026a 8059      	LDD  R5,Y+1
00026b 8048      	LDD  R4,Y+0
00026c 9622      	ADIW R28,2
00026d 9508      	RET
                 ; .FEND
                 _lcd_clear:
                 ; .FSTART _lcd_clear
00026e dfba      	RCALL __lcd_ready
00026f e0a2      	LDI  R26,LOW(2)
000270 dfd1      	RCALL __lcd_write_data
000271 dfb7      	RCALL __lcd_ready
000272 e0ac      	LDI  R26,LOW(12)
000273 dfce      	RCALL __lcd_write_data
000274 dfb4      	RCALL __lcd_ready
000275 e0a1      	LDI  R26,LOW(1)
000276 dfcb      	RCALL __lcd_write_data
000277 e0e0      	LDI  R30,LOW(0)
000278 2e4e      	MOV  R4,R30
000279 2e5e      	MOV  R5,R30
00027a 9508      	RET
                 ; .FEND
                 _lcd_putchar:
                 ; .FSTART _lcd_putchar
00027b 93aa      	ST   -Y,R26
00027c 93ef          push r30
00027d 93ff          push r31
00027e 81a8          ld   r26,y
00027f 9468          set
000280 30aa          cpi  r26,10
000281 f019          breq __lcd_putchar1
000282 94e8          clt
000283 1457      	CP   R5,R7
000284 f030      	BRLO _0x2020004
                 	__lcd_putchar1:
000285 9443      	INC  R4
000286 e0e0      	LDI  R30,LOW(0)
000287 93ea      	ST   -Y,R30
000288 2da4      	MOV  R26,R4
000289 dfd6      	RCALL _lcd_gotoxy
00028a f02e      	brts __lcd_putchar0
                 _0x2020004:
00028b 9453      	INC  R5
00028c df9c          rcall __lcd_ready
00028d 9aa8          sbi  __lcd_port,__lcd_rs ;RS=1
00028e 81a8      	LD   R26,Y
00028f dfb2      	RCALL __lcd_write_data
                 __lcd_putchar0:
000290 91ff          pop  r31
000291 91ef          pop  r30
000292 940c 02e5 	JMP  _0x20C0001
                 ; .FEND
                 _lcd_puts:
                 ; .FSTART _lcd_puts
000294 93ba      	ST   -Y,R27
000295 93aa      	ST   -Y,R26
000296 931a      	ST   -Y,R17
                 _0x2020005:
000297 81a9      	LDD  R26,Y+1
000298 81ba      	LDD  R27,Y+1+1
000299 91ed      	LD   R30,X+
00029a 83a9      	STD  Y+1,R26
00029b 83ba      	STD  Y+1+1,R27
00029c 2f1e      	MOV  R17,R30
00029d 30e0      	CPI  R30,0
00029e f019      	BREQ _0x2020007
00029f 2fa1      	MOV  R26,R17
0002a0 dfda      	RCALL _lcd_putchar
0002a1 cff5      	RJMP _0x2020005
                 _0x2020007:
0002a2 8118      	LDD  R17,Y+0
0002a3 9623      	ADIW R28,3
0002a4 9508      	RET
                 ; .FEND
                 __long_delay_G101:
                 ; .FSTART __long_delay_G101
0002a5 27aa          clr   r26
0002a6 27bb          clr   r27
                 __long_delay0:
0002a7 9711          sbiw  r26,1         ;2 cycles
0002a8 f7f1          brne  __long_delay0 ;2 cycles
0002a9 9508      	RET
                 ; .FEND
                 __lcd_init_write_G101:
                 ; .FSTART __lcd_init_write_G101
0002aa 93aa      	ST   -Y,R26
0002ab 98a9          cbi  __lcd_port,__lcd_rd 	  ;RD=0
0002ac b3a4          in    r26,__lcd_direction
0002ad 6fa7          ori   r26,0xf7                ;set as output
0002ae bba4          out   __lcd_direction,r26
0002af b3b5          in    r27,__lcd_port
0002b0 70bf          andi  r27,0xf
0002b1 81a8          ld    r26,y
0002b2 df87      	RCALL __lcd_write_nibble_G101
0002b3 9aa9          sbi   __lcd_port,__lcd_rd     ;RD=1
0002b4 c030      	RJMP _0x20C0001
                 ; .FEND
                 _lcd_init:
                 ; .FSTART _lcd_init
0002b5 93aa      	ST   -Y,R26
0002b6 98aa          cbi   __lcd_port,__lcd_enable ;EN=0
0002b7 98a8          cbi   __lcd_port,__lcd_rs     ;RS=0
0002b8 8078      	LDD  R7,Y+0
0002b9 81e8      	LD   R30,Y
0002ba 58e0      	SUBI R30,-LOW(128)
                +
0002bb 93e0 0266+STS __base_y_G101 + ( 2 ) , R30
                 	__PUTB1MN __base_y_G101,2
0002bd 81e8      	LD   R30,Y
0002be 54e0      	SUBI R30,-LOW(192)
                +
0002bf 93e0 0267+STS __base_y_G101 + ( 3 ) , R30
                 	__PUTB1MN __base_y_G101,3
0002c1 dfe3      	RCALL __long_delay_G101
0002c2 e3a0      	LDI  R26,LOW(48)
0002c3 dfe6      	RCALL __lcd_init_write_G101
0002c4 dfe0      	RCALL __long_delay_G101
0002c5 e3a0      	LDI  R26,LOW(48)
0002c6 dfe3      	RCALL __lcd_init_write_G101
0002c7 dfdd      	RCALL __long_delay_G101
0002c8 e3a0      	LDI  R26,LOW(48)
0002c9 dfe0      	RCALL __lcd_init_write_G101
0002ca dfda      	RCALL __long_delay_G101
0002cb e2a0      	LDI  R26,LOW(32)
0002cc dfdd      	RCALL __lcd_init_write_G101
0002cd dfd7      	RCALL __long_delay_G101
0002ce e2a8      	LDI  R26,LOW(40)
0002cf df72      	RCALL __lcd_write_data
0002d0 dfd4      	RCALL __long_delay_G101
0002d1 e0a4      	LDI  R26,LOW(4)
0002d2 df6f      	RCALL __lcd_write_data
0002d3 dfd1      	RCALL __long_delay_G101
0002d4 e8a5      	LDI  R26,LOW(133)
0002d5 df6c      	RCALL __lcd_write_data
0002d6 dfce      	RCALL __long_delay_G101
0002d7 b3a4          in    r26,__lcd_direction
0002d8 70af          andi  r26,0xf                 ;set as input
0002d9 bba4          out   __lcd_direction,r26
0002da 9aa9          sbi   __lcd_port,__lcd_rd     ;RD=1
0002db df7c      	RCALL _lcd_read_byte0_G101
0002dc 30e5      	CPI  R30,LOW(0x5)
0002dd f011      	BREQ _0x202000B
0002de e0e0      	LDI  R30,LOW(0)
0002df c005      	RJMP _0x20C0001
                 _0x202000B:
0002e0 df48      	RCALL __lcd_ready
0002e1 e0a6      	LDI  R26,LOW(6)
0002e2 df5f      	RCALL __lcd_write_data
0002e3 df8a      	RCALL _lcd_clear
0002e4 e0e1      	LDI  R30,LOW(1)
                 _0x20C0001:
0002e5 9621      	ADIW R28,1
0002e6 9508      	RET
                 ; .FEND
                 
                 	.CSEG
                 
                 	.CSEG
                 
                 	.CSEG
                 	#ifndef __SLEEP_DEFINED__
                 	#endif
                 
                 	.CSEG
                 
                 	.DSEG
                 __seed_G100:
000260           	.BYTE 0x4
                 __base_y_G101:
000264           	.BYTE 0x4
                 
                 	.CSEG
                 ;OPTIMIZER ADDED SUBROUTINE, CALLED 2 TIMES, CODE SIZE REDUCTION:8 WORDS
                 SUBOPT_0x0:
                +
0002e7 e040     +LDI R20 , LOW ( 0 )
0002e8 e050     +LDI R21 , HIGH ( 0 )
                 	__GETWRN 20,21,0
0002e9 e0e0      	LDI  R30,LOW(0)
0002ea 83ea      	STD  Y+2,R30
0002eb 83eb      	STD  Y+2+1,R30
0002ec e0eb      	LDI  R30,LOW(11)
0002ed e0f0      	LDI  R31,HIGH(11)
0002ee 83e8      	ST   Y,R30
0002ef 83f9      	STD  Y+1,R31
                +
0002f0 e000     +LDI R16 , LOW ( 0 )
0002f1 e010     +LDI R17 , HIGH ( 0 )
                 	__GETWRN 16,17,0
0002f2 9508      	RET
                 
                 ;OPTIMIZER ADDED SUBROUTINE, CALLED 2 TIMES, CODE SIZE REDUCTION:1 WORDS
                 SUBOPT_0x1:
0002f3 81a8      	LD   R26,Y
0002f4 81b9      	LDD  R27,Y+1
0002f5 0fea      	ADD  R30,R26
0002f6 1ffb      	ADC  R31,R27
0002f7 9508      	RET
                 
                 ;OPTIMIZER ADDED SUBROUTINE, CALLED 3 TIMES, CODE SIZE REDUCTION:4 WORDS
                 SUBOPT_0x2:
                +
0002f8 83ec     +STD Y + 4 , R30
0002f9 83fd     +STD Y + 4 + 1 , R31
0002fa 836e     +STD Y + 4 + 2 , R22
0002fb 837f     +STD Y + 4 + 3 , R23
                 	__PUTD1S 4
0002fc 9508      	RET
                 
                 ;OPTIMIZER ADDED SUBROUTINE, CALLED 4 TIMES, CODE SIZE REDUCTION:7 WORDS
                 SUBOPT_0x3:
                +
0002fd 81ec     +LDD R30 , Y + 4
0002fe 81fd     +LDD R31 , Y + 4 + 1
0002ff 816e     +LDD R22 , Y + 4 + 2
000300 817f     +LDD R23 , Y + 4 + 3
                 	__GETD1S 4
000301 9508      	RET
                 
                 ;OPTIMIZER ADDED SUBROUTINE, CALLED 2 TIMES, CODE SIZE REDUCTION:1 WORDS
                 SUBOPT_0x4:
                +
000302 87e8     +STD Y + 8 , R30
000303 87f9     +STD Y + 8 + 1 , R31
000304 876a     +STD Y + 8 + 2 , R22
000305 877b     +STD Y + 8 + 3 , R23
                 	__PUTD1S 8
000306 9508      	RET
                 
                 ;OPTIMIZER ADDED SUBROUTINE, CALLED 2 TIMES, CODE SIZE REDUCTION:2 WORDS
                 SUBOPT_0x5:
000307 dff5      	RCALL SUBOPT_0x3
                +
000308 85a8     +LDD R26 , Y + 8
000309 85b9     +LDD R27 , Y + 8 + 1
00030a 858a     +LDD R24 , Y + 8 + 2
00030b 859b     +LDD R25 , Y + 8 + 3
                 	__GETD2S 8
00030c 9508      	RET
                 
                 ;OPTIMIZER ADDED SUBROUTINE, CALLED 2 TIMES, CODE SIZE REDUCTION:1 WORDS
                 SUBOPT_0x6:
                +
00030d 81ac     +LDD R26 , Y + 4
00030e 81bd     +LDD R27 , Y + 4 + 1
00030f 818e     +LDD R24 , Y + 4 + 2
000310 819f     +LDD R25 , Y + 4 + 3
                 	__GETD2S 4
000311 9508      	RET
                 
                 ;RUNTIME LIBRARY
                 
                 	.CSEG
                 __SAVELOCR4:
000312 933a      	ST   -Y,R19
                 __SAVELOCR3:
000313 932a      	ST   -Y,R18
                 __SAVELOCR2:
000314 931a      	ST   -Y,R17
000315 930a      	ST   -Y,R16
000316 9508      	RET
                 
                 __LOADLOCR4:
000317 813b      	LDD  R19,Y+3
                 __LOADLOCR3:
000318 812a      	LDD  R18,Y+2
                 __LOADLOCR2:
000319 8119      	LDD  R17,Y+1
00031a 8108      	LD   R16,Y
00031b 9508      	RET
                 
                 __ANEGD1:
00031c 95f0      	COM  R31
00031d 9560      	COM  R22
00031e 9570      	COM  R23
00031f 95e1      	NEG  R30
000320 4fff      	SBCI R31,-1
000321 4f6f      	SBCI R22,-1
000322 4f7f      	SBCI R23,-1
000323 9508      	RET
                 
                 __MULW12U:
000324 9ffa      	MUL  R31,R26
000325 2df0      	MOV  R31,R0
000326 9feb      	MUL  R30,R27
000327 0df0      	ADD  R31,R0
000328 9fea      	MUL  R30,R26
000329 2de0      	MOV  R30,R0
00032a 0df1      	ADD  R31,R1
00032b 9508      	RET
                 
                 __MULB1W2U:
00032c 2f6e      	MOV  R22,R30
00032d 9f6a      	MUL  R22,R26
00032e 01f0      	MOVW R30,R0
00032f 9f6b      	MUL  R22,R27
000330 0df0      	ADD  R31,R0
000331 9508      	RET
                 
                 __DIVW21U:
000332 2400      	CLR  R0
000333 2411      	CLR  R1
000334 e190      	LDI  R25,16
                 __DIVW21U1:
000335 0faa      	LSL  R26
000336 1fbb      	ROL  R27
000337 1c00      	ROL  R0
000338 1c11      	ROL  R1
000339 1a0e      	SUB  R0,R30
00033a 0a1f      	SBC  R1,R31
00033b f418      	BRCC __DIVW21U2
00033c 0e0e      	ADD  R0,R30
00033d 1e1f      	ADC  R1,R31
00033e c001      	RJMP __DIVW21U3
                 __DIVW21U2:
00033f 60a1      	SBR  R26,1
                 __DIVW21U3:
000340 959a      	DEC  R25
000341 f799      	BRNE __DIVW21U1
000342 01fd      	MOVW R30,R26
000343 01d0      	MOVW R26,R0
000344 9508      	RET
                 
                 __DIVD21U:
000345 933f      	PUSH R19
000346 934f      	PUSH R20
000347 935f      	PUSH R21
000348 2400      	CLR  R0
000349 2411      	CLR  R1
00034a 01a0      	MOVW R20,R0
00034b e230      	LDI  R19,32
                 __DIVD21U1:
00034c 0faa      	LSL  R26
00034d 1fbb      	ROL  R27
00034e 1f88      	ROL  R24
00034f 1f99      	ROL  R25
000350 1c00      	ROL  R0
000351 1c11      	ROL  R1
000352 1f44      	ROL  R20
000353 1f55      	ROL  R21
000354 1a0e      	SUB  R0,R30
000355 0a1f      	SBC  R1,R31
000356 0b46      	SBC  R20,R22
000357 0b57      	SBC  R21,R23
000358 f428      	BRCC __DIVD21U2
000359 0e0e      	ADD  R0,R30
00035a 1e1f      	ADC  R1,R31
00035b 1f46      	ADC  R20,R22
00035c 1f57      	ADC  R21,R23
00035d c001      	RJMP __DIVD21U3
                 __DIVD21U2:
00035e 60a1      	SBR  R26,1
                 __DIVD21U3:
00035f 953a      	DEC  R19
000360 f759      	BRNE __DIVD21U1
000361 01fd      	MOVW R30,R26
000362 01bc      	MOVW R22,R24
000363 01d0      	MOVW R26,R0
000364 01ca      	MOVW R24,R20
000365 915f      	POP  R21
000366 914f      	POP  R20
000367 913f      	POP  R19
000368 9508      	RET
                 
                 __MODD21U:
000369 dfdb      	RCALL __DIVD21U
00036a 01fd      	MOVW R30,R26
00036b 01bc      	MOVW R22,R24
00036c 9508      	RET
                 
                 __PUTPARD1:
00036d 937a      	ST   -Y,R23
00036e 936a      	ST   -Y,R22
00036f 93fa      	ST   -Y,R31
000370 93ea      	ST   -Y,R30
000371 9508      	RET
                 
                 __CPD10:
000372 9730      	SBIW R30,0
000373 4060      	SBCI R22,0
000374 4070      	SBCI R23,0
000375 9508      	RET
                 
                 _delay_ms:
000376 9610      	adiw r26,0
000377 f039      	breq __delay_ms1
                 __delay_ms0:
000378 95a8      	wdr
                +
000379 ed80     +LDI R24 , LOW ( 0x7D0 )
00037a e097     +LDI R25 , HIGH ( 0x7D0 )
                +__DELAY_USW_LOOP :
00037b 9701     +SBIW R24 , 1
00037c f7f1     +BRNE __DELAY_USW_LOOP
                 	__DELAY_USW 0x7D0
00037d 9711      	sbiw r26,1
00037e f7c9      	brne __delay_ms0
                 __delay_ms1:
00037f 9508      	ret
                 
                 ;END OF CODE MARKER
                 __END_OF_CODE:


RESOURCE USE INFORMATION
------------------------

Notice:
The register and instruction counts are symbol table hit counts,
and hence implicitly used resources are not counted, eg, the
'lpm' instruction without operands implicitly uses r0 and z,
none of which are counted.

x,y,z are separate entities in the symbol table and are
counted separately from r26..r31 here.

.dseg memory usage only counts static data declared with .byte

ATmega32 register use summary:
r0 :  24 r1 :  10 r2 :   0 r3 :   0 r4 :   4 r5 :   4 r6 :   0 r7 :   2 
r8 :   0 r9 :   0 r10:   0 r11:   0 r12:   0 r13:   0 r14:   0 r15:   0 
r16:  13 r17:  16 r18:   8 r19:  13 r20:  14 r21:   8 r22:  20 r23:  13 
r24:  16 r25:   9 r26: 122 r27:  32 r28:   7 r29:   1 r30: 244 r31:  63 
x  :   7 y  : 114 z  :   8 
Registers used: 24 out of 35 (68.6%)

ATmega32 instruction use summary:
.lds  :   0 .lds.l:   0 .sts  :   0 .sts.l:   0 adc   :   6 add   :   9 
adiw  :   5 and   :   0 andi  :   6 asr   :   0 bclr  :   0 bld   :   0 
brbc  :   0 brbs  :   0 brcc  :   2 brcs  :   0 break :   0 breq  :   5 
brge  :   0 brhc  :   0 brhs  :   0 brid  :   0 brie  :   0 brlo  :   1 
brlt  :   0 brmi  :   0 brne  :  51 brpl  :   1 brsh  :   1 brtc  :   0 
brts  :   1 brvc  :   0 brvs  :   0 bset  :   0 bst   :   0 call  :   1 
cbi   :  10 cbr   :   0 clc   :   0 clh   :   0 cli   :   1 cln   :   0 
clr   :  10 cls   :   0 clt   :   1 clv   :   0 clz   :   0 com   :   3 
cp    :   1 cpc   :   7 cpi   :  42 cpse  :   0 dec   :   4 des   :   0 
eor   :   0 fmul  :   0 fmuls :   0 fmulsu:   0 icall :   0 ijmp  :   0 
in    :  44 inc   :   2 jmp   :  24 ld    :  14 ldd   :  40 ldi   : 145 
lds   :   0 lpm   :   7 lsl   :   2 lsr   :   0 mov   :  12 movw  :  22 
mul   :   7 muls  :   0 mulsu :   0 neg   :   1 nop   :   0 or    :   3 
ori   :   2 out   :  37 pop   :   9 push  :   9 rcall :  97 ret   :  29 
reti  :   0 rjmp  :  42 rol   :  10 ror   :   0 sbc   :   5 sbci  :   8 
sbi   :   9 sbic  :   0 sbis  :   0 sbiw  :  11 sbr   :   2 sbrc  :   1 
sbrs  :   0 sec   :   0 seh   :   0 sei   :   0 sen   :   0 ser   :   0 
ses   :   0 set   :   1 sev   :   0 sez   :   0 sleep :   0 spm   :   0 
st    :  37 std   :  31 sts   :   2 sub   :   3 subi  :   6 swap  :   2 
tst   :   1 wdr   :   1 
Instructions used: 57 out of 116 (49.1%)

ATmega32 memory use summary [bytes]:
Segment   Begin    End      Code   Data   Used    Size   Use%
---------------------------------------------------------------
[.cseg] 0x000000 0x000700   1746     46   1792   32768   5.5%
[.dseg] 0x000060 0x000268      0      8      8    2048   0.4%
[.eseg] 0x000000 0x000000      0      0      0    1024   0.0%

Assembly complete, 0 errors, 5 warnings
